2020-10-11 00:48:11.421+0000 WARN [o.n.k.i.JvmChecker] You are using an unsupported version of the Java runtime. Please use Oracle(R) Java(TM) Runtime Environment 8, OpenJDK(TM) 8 or IBM J9.
2020-10-11 00:48:11.547+0000 WARN [o.n.i.p.PageCache] The dbms.memory.pagecache.size setting has not been configured. It is recommended that this setting is always explicitly configured, to ensure the system has a balanced configuration. Until then, a computed heuristic value of 3189432320 bytes will be used instead. Run `neo4j-admin memrec` for memory configuration suggestions.
2020-10-11 00:48:12.510+0000 INFO [o.n.k.i.f.CommunityEditionModule] No locking implementation specified, defaulting to 'community'
2020-10-11 00:48:13.011+0000 INFO [o.n.k.AvailabilityGuard] Requirement makes database unavailable: Database available
2020-10-11 00:48:13.061+0000 INFO [o.n.k.i.DiagnosticsManager] --- INITIALIZED diagnostics START ---
2020-10-11 00:48:13.061+0000 INFO [o.n.k.i.DiagnosticsManager] Neo4j Kernel properties:
2020-10-11 00:48:13.061+0000 INFO [o.n.k.i.DiagnosticsManager] unsupported.dbms.directories.neo4j_home=C:\Users\Jack\eclipse-workspace\pandemic\data\cars
2020-10-11 00:48:13.061+0000 INFO [o.n.k.i.DiagnosticsManager] unsupported.dbms.edition=community
2020-10-11 00:48:13.062+0000 INFO [o.n.k.i.DiagnosticsManager] unsupported.dbms.ephemeral=false
2020-10-11 00:48:13.062+0000 INFO [o.n.k.i.DiagnosticsManager] Diagnostics providers:
2020-10-11 00:48:13.062+0000 INFO [o.n.k.i.DiagnosticsManager] org.neo4j.kernel.configuration.Config
2020-10-11 00:48:13.062+0000 INFO [o.n.k.i.DiagnosticsManager] org.neo4j.kernel.info.DiagnosticsManager
2020-10-11 00:48:13.063+0000 INFO [o.n.k.i.DiagnosticsManager] SYSTEM_MEMORY
2020-10-11 00:48:13.063+0000 INFO [o.n.k.i.DiagnosticsManager] JAVA_MEMORY
2020-10-11 00:48:13.063+0000 INFO [o.n.k.i.DiagnosticsManager] OPERATING_SYSTEM
2020-10-11 00:48:13.063+0000 INFO [o.n.k.i.DiagnosticsManager] JAVA_VIRTUAL_MACHINE
2020-10-11 00:48:13.064+0000 INFO [o.n.k.i.DiagnosticsManager] CLASSPATH
2020-10-11 00:48:13.064+0000 INFO [o.n.k.i.DiagnosticsManager] LIBRARY_PATH
2020-10-11 00:48:13.064+0000 INFO [o.n.k.i.DiagnosticsManager] SYSTEM_PROPERTIES
2020-10-11 00:48:13.064+0000 INFO [o.n.k.i.DiagnosticsManager] TIMEZONE_DATABASE
2020-10-11 00:48:13.064+0000 INFO [o.n.k.i.DiagnosticsManager] NETWORK
2020-10-11 00:48:13.064+0000 INFO [o.n.k.i.DiagnosticsManager] System memory information:
2020-10-11 00:48:13.083+0000 INFO [o.n.k.i.DiagnosticsManager] Total Physical memory: 7.92 GB
2020-10-11 00:48:13.085+0000 INFO [o.n.k.i.DiagnosticsManager] Free Physical memory: 544.30 MB
2020-10-11 00:48:13.085+0000 INFO [o.n.k.i.DiagnosticsManager] Committed virtual memory: 256.69 MB
2020-10-11 00:48:13.085+0000 INFO [o.n.k.i.DiagnosticsManager] Total swap space: 26.92 GB
2020-10-11 00:48:13.085+0000 INFO [o.n.k.i.DiagnosticsManager] Free swap space: 11.67 GB
2020-10-11 00:48:13.085+0000 INFO [o.n.k.i.DiagnosticsManager] JVM memory information:
2020-10-11 00:48:13.086+0000 INFO [o.n.k.i.DiagnosticsManager] Free  memory: 81.14 MB
2020-10-11 00:48:13.086+0000 INFO [o.n.k.i.DiagnosticsManager] Total memory: 128.00 MB
2020-10-11 00:48:13.086+0000 INFO [o.n.k.i.DiagnosticsManager] Max   memory: 1.98 GB
2020-10-11 00:48:13.136+0000 INFO [o.n.k.i.DiagnosticsManager] Garbage Collector: G1 Young Generation: [G1 Eden Space, G1 Survivor Space, G1 Old Gen]
2020-10-11 00:48:13.137+0000 INFO [o.n.k.i.DiagnosticsManager] Garbage Collector: G1 Old Generation: [G1 Eden Space, G1 Survivor Space, G1 Old Gen]
2020-10-11 00:48:13.139+0000 INFO [o.n.k.i.DiagnosticsManager] Memory Pool: CodeHeap 'non-nmethods' (Non-heap memory): committed=2.44 MB, used=1.11 MB, max=5.63 MB, threshold=0.00 B
2020-10-11 00:48:13.139+0000 INFO [o.n.k.i.DiagnosticsManager] Memory Pool: Metaspace (Non-heap memory): committed=18.75 MB, used=18.04 MB, max=-1.00 B, threshold=0.00 B
2020-10-11 00:48:13.139+0000 INFO [o.n.k.i.DiagnosticsManager] Memory Pool: CodeHeap 'profiled nmethods' (Non-heap memory): committed=3.50 MB, used=3.47 MB, max=117.19 MB, threshold=0.00 B
2020-10-11 00:48:13.140+0000 INFO [o.n.k.i.DiagnosticsManager] Memory Pool: Compressed Class Space (Non-heap memory): committed=2.25 MB, used=2.03 MB, max=1.00 GB, threshold=0.00 B
2020-10-11 00:48:13.140+0000 INFO [o.n.k.i.DiagnosticsManager] Memory Pool: G1 Eden Space (Heap memory): committed=77.00 MB, used=35.00 MB, max=-1.00 B, threshold=?
2020-10-11 00:48:13.141+0000 INFO [o.n.k.i.DiagnosticsManager] Memory Pool: G1 Old Gen (Heap memory): committed=48.00 MB, used=8.36 MB, max=1.98 GB, threshold=0.00 B
2020-10-11 00:48:13.141+0000 INFO [o.n.k.i.DiagnosticsManager] Memory Pool: G1 Survivor Space (Heap memory): committed=3.00 MB, used=3.00 MB, max=-1.00 B, threshold=?
2020-10-11 00:48:13.141+0000 INFO [o.n.k.i.DiagnosticsManager] Memory Pool: CodeHeap 'non-profiled nmethods' (Non-heap memory): committed=2.44 MB, used=705.50 kB, max=117.19 MB, threshold=0.00 B
2020-10-11 00:48:13.141+0000 INFO [o.n.k.i.DiagnosticsManager] Operating system information:
2020-10-11 00:48:13.143+0000 INFO [o.n.k.i.DiagnosticsManager] Operating System: Windows 10; version: 10.0; arch: amd64; cpus: 8
2020-10-11 00:48:13.179+0000 INFO [o.n.k.i.DiagnosticsManager] Process id: 18140@DESKTOP-I7PJ4SQ
2020-10-11 00:48:13.179+0000 INFO [o.n.k.i.DiagnosticsManager] Byte order: LITTLE_ENDIAN
2020-10-11 00:48:13.203+0000 INFO [o.n.k.i.DiagnosticsManager] Local timezone: America/New_York
2020-10-11 00:48:13.203+0000 INFO [o.n.k.i.DiagnosticsManager] JVM information:
2020-10-11 00:48:13.203+0000 INFO [o.n.k.i.DiagnosticsManager] VM Name: Java HotSpot(TM) 64-Bit Server VM
2020-10-11 00:48:13.204+0000 INFO [o.n.k.i.DiagnosticsManager] VM Vendor: Oracle Corporation
2020-10-11 00:48:13.204+0000 INFO [o.n.k.i.DiagnosticsManager] VM Version: 11.0.7+8-LTS
2020-10-11 00:48:13.205+0000 INFO [o.n.k.i.DiagnosticsManager] JIT compiler: HotSpot 64-Bit Tiered Compilers
2020-10-11 00:48:13.205+0000 INFO [o.n.k.i.DiagnosticsManager] VM Arguments: [-Dfile.encoding=UTF-8]
2020-10-11 00:48:13.205+0000 INFO [o.n.k.i.DiagnosticsManager] Java classpath:
2020-10-11 00:48:13.207+0000 INFO [o.n.k.i.DiagnosticsManager]  [classpath] C:\Users\Jack\.m2\repository\junit\junit\3.8.1\junit-3.8.1.jar
2020-10-11 00:48:13.207+0000 INFO [o.n.k.i.DiagnosticsManager]  [classpath] C:\Users\Jack\.m2\repository\org\ow2\asm\asm-analysis\6.2\asm-analysis-6.2.jar
2020-10-11 00:48:13.207+0000 INFO [o.n.k.i.DiagnosticsManager]  [classpath] C:\Users\Jack\.m2\repository\org\neo4j\neo4j-cypher-interpreted-runtime\3.4.6\neo4j-cypher-interpreted-runtime-3.4.6.jar
2020-10-11 00:48:13.208+0000 INFO [o.n.k.i.DiagnosticsManager]  [classpath] C:\Users\Jack\.m2\repository\org\objenesis\objenesis\2.6\objenesis-2.6.jar
2020-10-11 00:48:13.208+0000 INFO [o.n.k.i.DiagnosticsManager]  [classpath] C:\Users\Jack\.m2\repository\org\neo4j\neo4j-logging\3.4.6\neo4j-logging-3.4.6.jar
2020-10-11 00:48:13.208+0000 INFO [o.n.k.i.DiagnosticsManager]  [classpath] C:\Users\Jack\.m2\repository\com\profesorfalken\jPowerShell\1.9\jPowerShell-1.9.jar
2020-10-11 00:48:13.208+0000 INFO [o.n.k.i.DiagnosticsManager]  [classpath] C:\Users\Jack\.m2\repository\net\sf\opencsv\opencsv\2.3\opencsv-2.3.jar
2020-10-11 00:48:13.208+0000 INFO [o.n.k.i.DiagnosticsManager]  [classpath] C:\Users\Jack\.m2\repository\org\neo4j\neo4j-graph-algo\3.4.6\neo4j-graph-algo-3.4.6.jar
2020-10-11 00:48:13.208+0000 INFO [o.n.k.i.DiagnosticsManager]  [classpath] C:\Users\Jack\.m2\repository\org\apache\lucene\lucene-backward-codecs\5.5.0\lucene-backward-codecs-5.5.0.jar
2020-10-11 00:48:13.208+0000 INFO [o.n.k.i.DiagnosticsManager]  [classpath] C:\Users\Jack\.m2\repository\org\neo4j\neo4j-cypher-runtime-util\3.4.6\neo4j-cypher-runtime-util-3.4.6.jar
2020-10-11 00:48:13.208+0000 INFO [o.n.k.i.DiagnosticsManager]  [classpath] C:\Users\Jack\.m2\repository\org\neo4j\neo4j-lucene-index\3.4.6\neo4j-lucene-index-3.4.6.jar
2020-10-11 00:48:13.208+0000 INFO [o.n.k.i.DiagnosticsManager]  [classpath] C:\Users\Jack\.m2\repository\org\neo4j\neo4j-cypher-frontend-2.3\2.3.12\neo4j-cypher-frontend-2.3-2.3.12.jar
2020-10-11 00:48:13.208+0000 INFO [o.n.k.i.DiagnosticsManager]  [classpath] C:\Users\Jack\.m2\repository\org\neo4j\neo4j-cypher\3.4.6\neo4j-cypher-3.4.6.jar
2020-10-11 00:48:13.208+0000 INFO [o.n.k.i.DiagnosticsManager]  [classpath] C:\Users\Jack\.m2\repository\org\neo4j\neo4j-cypher-planner-spi-3.4\3.4.6\neo4j-cypher-planner-spi-3.4-3.4.6.jar
2020-10-11 00:48:13.208+0000 INFO [o.n.k.i.DiagnosticsManager]  [classpath] C:\Users\Jack\.m2\repository\com\profesorfalken\WMI4Java\1.6.1\WMI4Java-1.6.1.jar
2020-10-11 00:48:13.208+0000 INFO [o.n.k.i.DiagnosticsManager]  [classpath] C:\Users\Jack\.m2\repository\org\neo4j\neo4j-configuration\3.4.6\neo4j-configuration-3.4.6.jar
2020-10-11 00:48:13.208+0000 INFO [o.n.k.i.DiagnosticsManager]  [classpath] C:\Users\Jack\.m2\repository\org\neo4j\neo4j-cypher-util-3.4\3.4.6\neo4j-cypher-util-3.4-3.4.6.jar
2020-10-11 00:48:13.208+0000 INFO [o.n.k.i.DiagnosticsManager]  [classpath] C:\Users\Jack\.m2\repository\org\neo4j\neo4j-procedure-api\3.4.6\neo4j-procedure-api-3.4.6.jar
2020-10-11 00:48:13.208+0000 INFO [o.n.k.i.DiagnosticsManager]  [classpath] C:\Users\Jack\.m2\repository\org\neo4j\neo4j-cypher-compiler-3.1\3.1.9\neo4j-cypher-compiler-3.1-3.1.9.jar
2020-10-11 00:48:13.208+0000 INFO [o.n.k.i.DiagnosticsManager]  [classpath] C:\Users\Jack\.m2\repository\org\neo4j\neo4j-collections\3.4.6\neo4j-collections-3.4.6.jar
2020-10-11 00:48:13.208+0000 INFO [o.n.k.i.DiagnosticsManager]  [classpath] C:\Users\Jack\.m2\repository\org\neo4j\neo4j-ssl\3.4.6\neo4j-ssl-3.4.6.jar
2020-10-11 00:48:13.209+0000 INFO [o.n.k.i.DiagnosticsManager]  [classpath] C:\Users\Jack\.m2\repository\org\neo4j\neo4j-cypher-logical-plans-3.3\3.3.6\neo4j-cypher-logical-plans-3.3-3.3.6.jar
2020-10-11 00:48:13.209+0000 INFO [o.n.k.i.DiagnosticsManager]  [classpath] C:\Users\Jack\.m2\repository\org\neo4j\neo4j-spatial-index\3.4.6\neo4j-spatial-index-3.4.6.jar
2020-10-11 00:48:13.209+0000 INFO [o.n.k.i.DiagnosticsManager]  [classpath] C:\Users\Jack\.m2\repository\org\ow2\asm\asm-util\6.2\asm-util-6.2.jar
2020-10-11 00:48:13.209+0000 INFO [o.n.k.i.DiagnosticsManager]  [classpath] C:\Users\Jack\.m2\repository\org\neo4j\neo4j-command-line\3.4.6\neo4j-command-line-3.4.6.jar
2020-10-11 00:48:13.209+0000 INFO [o.n.k.i.DiagnosticsManager]  [classpath] C:\Users\Jack\.m2\repository\org\apache\lucene\lucene-codecs\5.5.5\lucene-codecs-5.5.5.jar
2020-10-11 00:48:13.209+0000 INFO [o.n.k.i.DiagnosticsManager]  [classpath] C:\Users\Jack\.m2\repository\org\neo4j\neo4j-cypher-frontend-3.3\3.3.6\neo4j-cypher-frontend-3.3-3.3.6.jar
2020-10-11 00:48:13.210+0000 INFO [o.n.k.i.DiagnosticsManager]  [classpath] C:\Users\Jack\.m2\repository\org\neo4j\neo4j-dbms\3.4.6\neo4j-dbms-3.4.6.jar
2020-10-11 00:48:13.210+0000 INFO [o.n.k.i.DiagnosticsManager]  [classpath] C:\Users\Jack\.m2\repository\org\neo4j\neo4j-consistency-check\3.4.6\neo4j-consistency-check-3.4.6.jar
2020-10-11 00:48:13.210+0000 INFO [o.n.k.i.DiagnosticsManager]  [classpath] C:\Users\Jack\.m2\repository\org\neo4j\neo4j-kernel-api\3.4.6\neo4j-kernel-api-3.4.6.jar
2020-10-11 00:48:13.210+0000 INFO [o.n.k.i.DiagnosticsManager]  [classpath] C:\Users\Jack\.m2\repository\org\neo4j\neo4j-jmx\3.4.6\neo4j-jmx-3.4.6.jar
2020-10-11 00:48:13.210+0000 INFO [o.n.k.i.DiagnosticsManager]  [classpath] C:\Users\Jack\.m2\repository\org\apache\commons\commons-compress\1.16.1\commons-compress-1.16.1.jar
2020-10-11 00:48:13.210+0000 INFO [o.n.k.i.DiagnosticsManager]  [classpath] C:\Users\Jack\.m2\repository\org\neo4j\neo4j-cypher-planner-3.4\3.4.6\neo4j-cypher-planner-3.4-3.4.6.jar
2020-10-11 00:48:13.210+0000 INFO [o.n.k.i.DiagnosticsManager]  [classpath] C:\Users\Jack\.m2\repository\org\apache\lucene\lucene-core\5.5.5\lucene-core-5.5.5.jar
2020-10-11 00:48:13.210+0000 INFO [o.n.k.i.DiagnosticsManager]  [classpath] C:\Users\Jack\.m2\repository\org\neo4j\neo4j-cypher-compiler-2.3\2.3.12\neo4j-cypher-compiler-2.3-2.3.12.jar
2020-10-11 00:48:13.210+0000 INFO [o.n.k.i.DiagnosticsManager]  [classpath] C:\Users\Jack\.m2\repository\org\apache\commons\commons-lang3\3.7\commons-lang3-3.7.jar
2020-10-11 00:48:13.210+0000 INFO [o.n.k.i.DiagnosticsManager]  [classpath] C:\Users\Jack\.m2\repository\org\neo4j\neo4j-cypher-compiler-3.3\3.3.6\neo4j-cypher-compiler-3.3-3.3.6.jar
2020-10-11 00:48:13.210+0000 INFO [o.n.k.i.DiagnosticsManager]  [classpath] C:\Users\Jack\.m2\repository\org\bouncycastle\bcprov-jdk15on\1.59\bcprov-jdk15on-1.59.jar
2020-10-11 00:48:13.210+0000 INFO [o.n.k.i.DiagnosticsManager]  [classpath] C:\Users\Jack\.m2\repository\org\neo4j\neo4j-import-tool\3.4.6\neo4j-import-tool-3.4.6.jar
2020-10-11 00:48:13.210+0000 INFO [o.n.k.i.DiagnosticsManager]  [classpath] C:\Users\Jack\eclipse-workspace\pandemic\target\classes
2020-10-11 00:48:13.210+0000 INFO [o.n.k.i.DiagnosticsManager]  [classpath] C:\Users\Jack\.m2\repository\org\apache\lucene\lucene-analyzers-common\5.5.5\lucene-analyzers-common-5.5.5.jar
2020-10-11 00:48:13.210+0000 INFO [o.n.k.i.DiagnosticsManager]  [classpath] C:\Users\Jack\.m2\repository\org\neo4j\neo4j-primitive-collections\3.4.6\neo4j-primitive-collections-3.4.6.jar
2020-10-11 00:48:13.210+0000 INFO [o.n.k.i.DiagnosticsManager]  [classpath] C:\Users\Jack\.m2\repository\org\scala-lang\scala-library\2.11.12\scala-library-2.11.12.jar
2020-10-11 00:48:13.210+0000 INFO [o.n.k.i.DiagnosticsManager]  [classpath] C:\Users\Jack\.m2\repository\org\apache\commons\commons-text\1.3\commons-text-1.3.jar
2020-10-11 00:48:13.210+0000 INFO [o.n.k.i.DiagnosticsManager]  [classpath] C:\Users\Jack\.m2\repository\org\parboiled\parboiled-core\1.1.7\parboiled-core-1.1.7.jar
2020-10-11 00:48:13.210+0000 INFO [o.n.k.i.DiagnosticsManager]  [classpath] C:\Users\Jack\.m2\repository\org\neo4j\neo4j-codegen\3.4.6\neo4j-codegen-3.4.6.jar
2020-10-11 00:48:13.210+0000 INFO [o.n.k.i.DiagnosticsManager]  [classpath] C:\Users\Jack\.m2\repository\org\ow2\asm\asm\6.2\asm-6.2.jar
2020-10-11 00:48:13.211+0000 INFO [o.n.k.i.DiagnosticsManager]  [classpath] C:\Users\Jack\.m2\repository\org\neo4j\neo4j-graph-matching\3.1.9\neo4j-graph-matching-3.1.9.jar
2020-10-11 00:48:13.211+0000 INFO [o.n.k.i.DiagnosticsManager]  [classpath] C:\Users\Jack\.m2\repository\org\neo4j\neo4j-kernel\3.4.6\neo4j-kernel-3.4.6.jar
2020-10-11 00:48:13.211+0000 INFO [o.n.k.i.DiagnosticsManager]  [classpath] C:\Users\Jack\.m2\repository\org\parboiled\parboiled-scala_2.11\1.1.7\parboiled-scala_2.11-1.1.7.jar
2020-10-11 00:48:13.211+0000 INFO [o.n.k.i.DiagnosticsManager]  [classpath] C:\Users\Jack\.m2\repository\org\scala-lang\scala-reflect\2.11.12\scala-reflect-2.11.12.jar
2020-10-11 00:48:13.211+0000 INFO [o.n.k.i.DiagnosticsManager]  [classpath] C:\Users\Jack\.m2\repository\org\apache\lucene\lucene-queryparser\5.5.5\lucene-queryparser-5.5.5.jar
2020-10-11 00:48:13.211+0000 INFO [o.n.k.i.DiagnosticsManager]  [classpath] C:\Users\Jack\.m2\repository\org\neo4j\neo4j-cypher-ir-3.4\3.4.6\neo4j-cypher-ir-3.4-3.4.6.jar
2020-10-11 00:48:13.211+0000 INFO [o.n.k.i.DiagnosticsManager]  [classpath] C:\Users\Jack\eclipse-workspace\pandemic\target\test-classes
2020-10-11 00:48:13.211+0000 INFO [o.n.k.i.DiagnosticsManager]  [classpath] C:\Users\Jack\.m2\repository\org\neo4j\neo4j-cypher-frontend-3.1\3.1.9\neo4j-cypher-frontend-3.1-3.1.9.jar
2020-10-11 00:48:13.211+0000 INFO [o.n.k.i.DiagnosticsManager]  [classpath] C:\Users\Jack\.m2\repository\org\neo4j\neo4j-io\3.4.6\neo4j-io-3.4.6.jar
2020-10-11 00:48:13.211+0000 INFO [o.n.k.i.DiagnosticsManager]  [classpath] C:\Users\Jack\.m2\repository\org\neo4j\neo4j-cypher-logical-plans-3.4\3.4.6\neo4j-cypher-logical-plans-3.4-3.4.6.jar
2020-10-11 00:48:13.211+0000 INFO [o.n.k.i.DiagnosticsManager]  [classpath] C:\Users\Jack\.m2\repository\io\netty\netty-all\4.1.24.Final\netty-all-4.1.24.Final.jar
2020-10-11 00:48:13.211+0000 INFO [o.n.k.i.DiagnosticsManager]  [classpath] C:\Users\Jack\.m2\repository\com\googlecode\concurrentlinkedhashmap\concurrentlinkedhashmap-lru\1.4.2\concurrentlinkedhashmap-lru-1.4.2.jar
2020-10-11 00:48:13.211+0000 INFO [o.n.k.i.DiagnosticsManager]  [classpath] C:\Users\Jack\.m2\repository\org\neo4j\neo4j-csv\3.4.6\neo4j-csv-3.4.6.jar
2020-10-11 00:48:13.212+0000 INFO [o.n.k.i.DiagnosticsManager]  [classpath] C:\Users\Jack\.m2\repository\org\neo4j\openCypher-frontend-1\3.4.6\openCypher-frontend-1-3.4.6.jar
2020-10-11 00:48:13.212+0000 INFO [o.n.k.i.DiagnosticsManager]  [classpath] C:\Users\Jack\.m2\repository\org\neo4j\neo4j-common\3.4.6\neo4j-common-3.4.6.jar
2020-10-11 00:48:13.212+0000 INFO [o.n.k.i.DiagnosticsManager]  [classpath] C:\Users\Jack\.m2\repository\org\neo4j\neo4j-cypher-expression-3.4\3.4.6\neo4j-cypher-expression-3.4-3.4.6.jar
2020-10-11 00:48:13.212+0000 INFO [o.n.k.i.DiagnosticsManager]  [classpath] C:\Users\Jack\.m2\repository\org\neo4j\neo4j-lucene-upgrade\3.4.6\neo4j-lucene-upgrade-3.4.6.jar
2020-10-11 00:48:13.212+0000 INFO [o.n.k.i.DiagnosticsManager]  [classpath] C:\Users\Jack\.m2\repository\org\bouncycastle\bcpkix-jdk15on\1.59\bcpkix-jdk15on-1.59.jar
2020-10-11 00:48:13.212+0000 INFO [o.n.k.i.DiagnosticsManager]  [classpath] C:\Users\Jack\.m2\repository\com\github\ben-manes\caffeine\caffeine\2.3.3\caffeine-2.3.3.jar
2020-10-11 00:48:13.212+0000 INFO [o.n.k.i.DiagnosticsManager]  [classpath] C:\Users\Jack\.m2\repository\org\neo4j\neo4j-index\3.4.6\neo4j-index-3.4.6.jar
2020-10-11 00:48:13.212+0000 INFO [o.n.k.i.DiagnosticsManager]  [classpath] C:\Users\Jack\.m2\repository\org\neo4j\neo4j-graphdb-api\3.4.6\neo4j-graphdb-api-3.4.6.jar
2020-10-11 00:48:13.212+0000 INFO [o.n.k.i.DiagnosticsManager]  [classpath] C:\Users\Jack\.m2\repository\org\neo4j\neo4j-unsafe\3.4.6\neo4j-unsafe-3.4.6.jar
2020-10-11 00:48:13.213+0000 INFO [o.n.k.i.DiagnosticsManager]  [classpath] C:\Users\Jack\.m2\repository\org\neo4j\neo4j\3.4.6\neo4j-3.4.6.jar
2020-10-11 00:48:13.213+0000 INFO [o.n.k.i.DiagnosticsManager]  [classpath] C:\Users\Jack\.m2\repository\org\neo4j\neo4j-udc\3.4.6\neo4j-udc-3.4.6.jar
2020-10-11 00:48:13.213+0000 INFO [o.n.k.i.DiagnosticsManager]  [classpath] C:\Users\Jack\.m2\repository\org\jprocesses\jProcesses\1.6.4\jProcesses-1.6.4.jar
2020-10-11 00:48:13.213+0000 INFO [o.n.k.i.DiagnosticsManager]  [classpath] C:\Users\Jack\.m2\repository\org\ow2\asm\asm-tree\6.2\asm-tree-6.2.jar
2020-10-11 00:48:13.213+0000 INFO [o.n.k.i.DiagnosticsManager]  [classpath] C:\Users\Jack\.m2\repository\org\neo4j\neo4j-resource\3.4.6\neo4j-resource-3.4.6.jar
2020-10-11 00:48:13.213+0000 INFO [o.n.k.i.DiagnosticsManager]  [classpath] C:\Users\Jack\.m2\repository\org\neo4j\neo4j-values\3.4.6\neo4j-values-3.4.6.jar
2020-10-11 00:48:13.213+0000 INFO [o.n.k.i.DiagnosticsManager]  [classpath] C:\Users\Jack\.m2\repository\org\neo4j\neo4j-cypher-ir-3.3\3.3.6\neo4j-cypher-ir-3.3-3.3.6.jar
2020-10-11 00:48:13.213+0000 INFO [o.n.k.i.DiagnosticsManager] Library path:
2020-10-11 00:48:13.214+0000 INFO [o.n.k.i.DiagnosticsManager] C:\Program Files\Java\jdk-11.0.7\bin
2020-10-11 00:48:13.214+0000 INFO [o.n.k.i.DiagnosticsManager] C:\Windows\Sun\Java\bin
2020-10-11 00:48:13.214+0000 INFO [o.n.k.i.DiagnosticsManager] C:\Windows\System32
2020-10-11 00:48:13.215+0000 INFO [o.n.k.i.DiagnosticsManager] C:\Windows
2020-10-11 00:48:13.217+0000 INFO [o.n.k.i.DiagnosticsManager] C:\Program Files\Java\jre1.8.0_192\bin\server
2020-10-11 00:48:13.218+0000 INFO [o.n.k.i.DiagnosticsManager] C:\Program Files\Java\jre1.8.0_192\bin
2020-10-11 00:48:13.220+0000 INFO [o.n.k.i.DiagnosticsManager] C:\Program Files\Java\jre1.8.0_192\lib\amd64
2020-10-11 00:48:13.222+0000 INFO [o.n.k.i.DiagnosticsManager] C:\oraclexe\app\oracle\product\11.2.0\server\bin
2020-10-11 00:48:13.222+0000 INFO [o.n.k.i.DiagnosticsManager] C:\Users\Jack\eclipse-workspace\pandemic
2020-10-11 00:48:13.224+0000 INFO [o.n.k.i.DiagnosticsManager] C:\Program Files (x86)\ActiveState Komodo Edit 11
2020-10-11 00:48:13.226+0000 INFO [o.n.k.i.DiagnosticsManager] C:\Program Files (x86)\Common Files\Oracle\Java\javapath
2020-10-11 00:48:13.227+0000 INFO [o.n.k.i.DiagnosticsManager] C:\Windows\System32
2020-10-11 00:48:13.227+0000 INFO [o.n.k.i.DiagnosticsManager] C:\Windows
2020-10-11 00:48:13.227+0000 INFO [o.n.k.i.DiagnosticsManager] C:\Windows\System32\wbem
2020-10-11 00:48:13.228+0000 INFO [o.n.k.i.DiagnosticsManager] C:\Windows\System32\WindowsPowerShell\v1.0
2020-10-11 00:48:13.228+0000 INFO [o.n.k.i.DiagnosticsManager] C:\Windows\System32\OpenSSH
2020-10-11 00:48:13.229+0000 INFO [o.n.k.i.DiagnosticsManager] C:\Program Files\PuTTY
2020-10-11 00:48:13.230+0000 INFO [o.n.k.i.DiagnosticsManager] C:\Program Files\Git\cmd
2020-10-11 00:48:13.232+0000 INFO [o.n.k.i.DiagnosticsManager] C:\Program Files\Docker\Docker\resources\bin
2020-10-11 00:48:13.234+0000 INFO [o.n.k.i.DiagnosticsManager] C:\ProgramData\DockerDesktop\version-bin
2020-10-11 00:48:13.234+0000 INFO [o.n.k.i.DiagnosticsManager] C:\Users\Jack\AppData\Local\Microsoft\WindowsApps
2020-10-11 00:48:13.234+0000 INFO [o.n.k.i.DiagnosticsManager] C:\Users\Jack\eclipse-workspace\pandemic
2020-10-11 00:48:13.235+0000 INFO [o.n.k.i.DiagnosticsManager] C:\Program Files\Docker Toolbox
2020-10-11 00:48:13.235+0000 INFO [o.n.k.i.DiagnosticsManager] C:\Windows\System32
2020-10-11 00:48:13.235+0000 INFO [o.n.k.i.DiagnosticsManager] C:\Users\Jack\eclipse-workspace\pandemic
2020-10-11 00:48:13.235+0000 INFO [o.n.k.i.DiagnosticsManager] C:\Users\Jack\eclipse-workspace\pandemic
2020-10-11 00:48:13.236+0000 INFO [o.n.k.i.DiagnosticsManager] System.properties:
2020-10-11 00:48:13.236+0000 INFO [o.n.k.i.DiagnosticsManager] sun.desktop = windows
2020-10-11 00:48:13.236+0000 INFO [o.n.k.i.DiagnosticsManager] awt.toolkit = sun.awt.windows.WToolkit
2020-10-11 00:48:13.236+0000 INFO [o.n.k.i.DiagnosticsManager] sun.cpu.isalist = amd64
2020-10-11 00:48:13.236+0000 INFO [o.n.k.i.DiagnosticsManager] sun.jnu.encoding = Cp1252
2020-10-11 00:48:13.236+0000 INFO [o.n.k.i.DiagnosticsManager] sun.arch.data.model = 64
2020-10-11 00:48:13.236+0000 INFO [o.n.k.i.DiagnosticsManager] user.variant = 
2020-10-11 00:48:13.236+0000 INFO [o.n.k.i.DiagnosticsManager] user.timezone = America/New_York
2020-10-11 00:48:13.236+0000 INFO [o.n.k.i.DiagnosticsManager] sun.java.launcher = SUN_STANDARD
2020-10-11 00:48:13.236+0000 INFO [o.n.k.i.DiagnosticsManager] user.country = US
2020-10-11 00:48:13.236+0000 INFO [o.n.k.i.DiagnosticsManager] sun.boot.library.path = C:\Program Files\Java\jdk-11.0.7\bin
2020-10-11 00:48:13.236+0000 INFO [o.n.k.i.DiagnosticsManager] sun.java.command = neo4j.pandemic.Driver
2020-10-11 00:48:13.236+0000 INFO [o.n.k.i.DiagnosticsManager] jdk.debug = release
2020-10-11 00:48:13.236+0000 INFO [o.n.k.i.DiagnosticsManager] sun.cpu.endian = little
2020-10-11 00:48:13.237+0000 INFO [o.n.k.i.DiagnosticsManager] user.home = C:\Users\Jack
2020-10-11 00:48:13.237+0000 INFO [o.n.k.i.DiagnosticsManager] user.language = en
2020-10-11 00:48:13.237+0000 INFO [o.n.k.i.DiagnosticsManager] file.separator = \
2020-10-11 00:48:13.237+0000 INFO [o.n.k.i.DiagnosticsManager] user.script = 
2020-10-11 00:48:13.237+0000 INFO [o.n.k.i.DiagnosticsManager] sun.management.compiler = HotSpot 64-Bit Tiered Compilers
2020-10-11 00:48:13.237+0000 INFO [o.n.k.i.DiagnosticsManager] user.name = Jack
2020-10-11 00:48:13.237+0000 INFO [o.n.k.i.DiagnosticsManager] path.separator = ;
2020-10-11 00:48:13.237+0000 INFO [o.n.k.i.DiagnosticsManager] file.encoding = UTF-8
2020-10-11 00:48:13.237+0000 INFO [o.n.k.i.DiagnosticsManager] user.dir = C:\Users\Jack\eclipse-workspace\pandemic
2020-10-11 00:48:13.237+0000 INFO [o.n.k.i.DiagnosticsManager] sun.os.patch.level = 
2020-10-11 00:48:13.237+0000 INFO [o.n.k.i.DiagnosticsManager] sun.io.unicode.encoding = UnicodeLittle
2020-10-11 00:48:13.237+0000 INFO [o.n.k.i.DiagnosticsManager] (IANA) TimeZone Database Version:
2020-10-11 00:48:13.278+0000 INFO [o.n.k.i.DiagnosticsManager]   TimeZone version: 2019c (available for 600 zone identifiers)
2020-10-11 00:48:13.278+0000 INFO [o.n.k.i.DiagnosticsManager] Network information:
2020-10-11 00:48:13.700+0000 INFO [o.n.k.i.DiagnosticsManager] Interface Software Loopback Interface 1:
2020-10-11 00:48:13.700+0000 INFO [o.n.k.i.DiagnosticsManager]     address: 127.0.0.1
2020-10-11 00:48:13.700+0000 INFO [o.n.k.i.DiagnosticsManager]     address: 0:0:0:0:0:0:0:1
2020-10-11 00:48:13.701+0000 INFO [o.n.k.i.DiagnosticsManager] Interface Microsoft 6to4 Adapter:
2020-10-11 00:48:13.701+0000 INFO [o.n.k.i.DiagnosticsManager] Interface Microsoft Wi-Fi Direct Virtual Adapter #2:
2020-10-11 00:48:13.701+0000 INFO [o.n.k.i.DiagnosticsManager]     address: fe80:0:0:0:80c6:3a96:f79a:5186%wlan0
2020-10-11 00:48:13.701+0000 INFO [o.n.k.i.DiagnosticsManager] Interface Hyper-V Virtual Switch Extension Adapter:
2020-10-11 00:48:13.702+0000 INFO [o.n.k.i.DiagnosticsManager] Interface Cisco AnyConnect Secure Mobility Client Virtual Miniport Adapter for Windows x64:
2020-10-11 00:48:13.702+0000 INFO [o.n.k.i.DiagnosticsManager]     address: 10.240.51.73
2020-10-11 00:48:13.702+0000 INFO [o.n.k.i.DiagnosticsManager] Interface Marvell AVASTAR Wireless-AC Network Controller:
2020-10-11 00:48:13.702+0000 INFO [o.n.k.i.DiagnosticsManager]     address: 192.168.1.3
2020-10-11 00:48:13.702+0000 INFO [o.n.k.i.DiagnosticsManager] Interface ASIX AX88772B USB2.0 to Fast Ethernet Adapter:
2020-10-11 00:48:13.702+0000 INFO [o.n.k.i.DiagnosticsManager] Interface Microsoft IP-HTTPS Platform Adapter:
2020-10-11 00:48:13.702+0000 INFO [o.n.k.i.DiagnosticsManager] Interface WAN Miniport (IKEv2):
2020-10-11 00:48:13.702+0000 INFO [o.n.k.i.DiagnosticsManager] Interface Microsoft Kernel Debug Network Adapter:
2020-10-11 00:48:13.702+0000 INFO [o.n.k.i.DiagnosticsManager] Interface WAN Miniport (PPTP):
2020-10-11 00:48:13.703+0000 INFO [o.n.k.i.DiagnosticsManager] Interface WAN Miniport (Network Monitor):
2020-10-11 00:48:13.703+0000 INFO [o.n.k.i.DiagnosticsManager] Interface WAN Miniport (SSTP):
2020-10-11 00:48:13.703+0000 INFO [o.n.k.i.DiagnosticsManager] Interface WAN Miniport (IPv6):
2020-10-11 00:48:13.703+0000 INFO [o.n.k.i.DiagnosticsManager] Interface Microsoft Teredo Tunneling Adapter:
2020-10-11 00:48:13.703+0000 INFO [o.n.k.i.DiagnosticsManager] Interface Hyper-V Virtual Switch Extension Adapter-Hyper-V Virtual Switch Extension Filter-0000:
2020-10-11 00:48:13.703+0000 INFO [o.n.k.i.DiagnosticsManager] Interface WAN Miniport (IP):
2020-10-11 00:48:13.703+0000 INFO [o.n.k.i.DiagnosticsManager] Interface WAN Miniport (PPPOE):
2020-10-11 00:48:13.703+0000 INFO [o.n.k.i.DiagnosticsManager] Interface ASIX AX88772B USB2.0 to Fast Ethernet Adapter #2:
2020-10-11 00:48:13.703+0000 INFO [o.n.k.i.DiagnosticsManager] Interface Bluetooth Device (Personal Area Network):
2020-10-11 00:48:13.703+0000 INFO [o.n.k.i.DiagnosticsManager]     address: fe80:0:0:0:5c06:af6c:74f7:c88d%eth9
2020-10-11 00:48:13.703+0000 INFO [o.n.k.i.DiagnosticsManager] Interface Microsoft Wi-Fi Direct Virtual Adapter:
2020-10-11 00:48:13.703+0000 INFO [o.n.k.i.DiagnosticsManager]     address: fe80:0:0:0:c978:532b:3e81:a1e2%wlan2
2020-10-11 00:48:13.703+0000 INFO [o.n.k.i.DiagnosticsManager] Interface WAN Miniport (L2TP):
2020-10-11 00:48:13.703+0000 INFO [o.n.k.i.DiagnosticsManager] Interface Hyper-V Virtual Ethernet Adapter:
2020-10-11 00:48:13.703+0000 INFO [o.n.k.i.DiagnosticsManager]     address: 172.24.208.1
2020-10-11 00:48:13.703+0000 INFO [o.n.k.i.DiagnosticsManager]     address: fe80:0:0:0:250b:2866:2526:b9b1%eth10
2020-10-11 00:48:13.703+0000 INFO [o.n.k.i.DiagnosticsManager] Interface Hyper-V Virtual Ethernet Adapter-WFP Native MAC Layer LightWeight Filter-0000:
2020-10-11 00:48:13.703+0000 INFO [o.n.k.i.DiagnosticsManager] Interface Hyper-V Virtual Ethernet Adapter-QoS Packet Scheduler-0000:
2020-10-11 00:48:13.704+0000 INFO [o.n.k.i.DiagnosticsManager] Interface Hyper-V Virtual Ethernet Adapter-WFP 802.3 MAC Layer LightWeight Filter-0000:
2020-10-11 00:48:13.704+0000 INFO [o.n.k.i.DiagnosticsManager] Interface Microsoft Wi-Fi Direct Virtual Adapter-WFP Native MAC Layer LightWeight Filter-0000:
2020-10-11 00:48:13.704+0000 INFO [o.n.k.i.DiagnosticsManager] Interface Microsoft Wi-Fi Direct Virtual Adapter-Native WiFi Filter Driver-0000:
2020-10-11 00:48:13.704+0000 INFO [o.n.k.i.DiagnosticsManager] Interface Microsoft Wi-Fi Direct Virtual Adapter-QoS Packet Scheduler-0000:
2020-10-11 00:48:13.704+0000 INFO [o.n.k.i.DiagnosticsManager] Interface Marvell AVASTAR Wireless-AC Network Controller-WFP Native MAC Layer LightWeight Filter-0000:
2020-10-11 00:48:13.704+0000 INFO [o.n.k.i.DiagnosticsManager] Interface Marvell AVASTAR Wireless-AC Network Controller-Virtual WiFi Filter Driver-0000:
2020-10-11 00:48:13.704+0000 INFO [o.n.k.i.DiagnosticsManager] Interface Marvell AVASTAR Wireless-AC Network Controller-Native WiFi Filter Driver-0000:
2020-10-11 00:48:13.704+0000 INFO [o.n.k.i.DiagnosticsManager] Interface Marvell AVASTAR Wireless-AC Network Controller-QoS Packet Scheduler-0000:
2020-10-11 00:48:13.704+0000 INFO [o.n.k.i.DiagnosticsManager] Interface Marvell AVASTAR Wireless-AC Network Controller-WFP 802.3 MAC Layer LightWeight Filter-0000:
2020-10-11 00:48:13.704+0000 INFO [o.n.k.i.DiagnosticsManager] Interface Microsoft Wi-Fi Direct Virtual Adapter-WFP 802.3 MAC Layer LightWeight Filter-0000:
2020-10-11 00:48:13.705+0000 INFO [o.n.k.i.DiagnosticsManager] Interface Microsoft Wi-Fi Direct Virtual Adapter #2-WFP Native MAC Layer LightWeight Filter-0000:
2020-10-11 00:48:13.705+0000 INFO [o.n.k.i.DiagnosticsManager] Interface WAN Miniport (IP)-WFP Native MAC Layer LightWeight Filter-0000:
2020-10-11 00:48:13.705+0000 INFO [o.n.k.i.DiagnosticsManager] Interface WAN Miniport (IP)-QoS Packet Scheduler-0000:
2020-10-11 00:48:13.705+0000 INFO [o.n.k.i.DiagnosticsManager] Interface WAN Miniport (IPv6)-WFP Native MAC Layer LightWeight Filter-0000:
2020-10-11 00:48:13.705+0000 INFO [o.n.k.i.DiagnosticsManager] Interface WAN Miniport (IPv6)-QoS Packet Scheduler-0000:
2020-10-11 00:48:13.705+0000 INFO [o.n.k.i.DiagnosticsManager] Interface Microsoft Wi-Fi Direct Virtual Adapter #2-Native WiFi Filter Driver-0000:
2020-10-11 00:48:13.705+0000 INFO [o.n.k.i.DiagnosticsManager] Interface Microsoft Wi-Fi Direct Virtual Adapter #2-QoS Packet Scheduler-0000:
2020-10-11 00:48:13.705+0000 INFO [o.n.k.i.DiagnosticsManager] Interface WAN Miniport (Network Monitor)-WFP Native MAC Layer LightWeight Filter-0000:
2020-10-11 00:48:13.705+0000 INFO [o.n.k.i.DiagnosticsManager] Interface WAN Miniport (Network Monitor)-QoS Packet Scheduler-0000:
2020-10-11 00:48:13.705+0000 INFO [o.n.k.i.DiagnosticsManager] Interface Microsoft Wi-Fi Direct Virtual Adapter #2-WFP 802.3 MAC Layer LightWeight Filter-0000:
2020-10-11 00:48:13.705+0000 INFO [o.n.k.i.DiagnosticsManager] Interface Cisco AnyConnect Secure Mobility Client Virtual Miniport Adapter for Windows x64-WFP Native MAC Layer LightWeight Filter-0000:
2020-10-11 00:48:13.705+0000 INFO [o.n.k.i.DiagnosticsManager] Interface Cisco AnyConnect Secure Mobility Client Virtual Miniport Adapter for Windows x64-QoS Packet Scheduler-0000:
2020-10-11 00:48:13.705+0000 INFO [o.n.k.i.DiagnosticsManager] Interface Cisco AnyConnect Secure Mobility Client Virtual Miniport Adapter for Windows x64-WFP 802.3 MAC Layer LightWeight Filter-0000:
2020-10-11 00:48:13.707+0000 INFO [o.n.k.i.DiagnosticsManager] --- INITIALIZED diagnostics END ---
2020-10-11 00:48:14.144+0000 INFO [o.n.k.i.s.f.RecordFormatSelector] Selected format 'RecordFormat:StandardV3_4[v0.A.9]' for the new store
2020-10-11 00:48:15.993+0000 INFO [o.n.k.i.i.l.NativeLabelScanStore] No label index found, this might just be first use. Preparing to rebuild.
2020-10-11 00:48:16.074+0000 INFO [o.n.k.NeoStoreDataSource] Rotated to transaction log [C:\Users\Jack\eclipse-workspace\pandemic\data\cars\neostore.transaction.db.0] version=0, last transaction in previous log=1
2020-10-11 00:48:16.076+0000 INFO [o.n.k.NeoStoreDataSource] No commits found after last check point (which is at <no log position given>)
2020-10-11 00:48:16.088+0000 WARN [o.n.k.i.s.MetaDataStore] Missing counts store, rebuilding it.
2020-10-11 00:48:16.263+0000 WARN [o.n.k.i.s.MetaDataStore] Counts store rebuild completed.
2020-10-11 00:48:16.376+0000 INFO [o.n.k.i.i.l.NativeLabelScanStore] Rebuilding label index, this may take a while
2020-10-11 00:48:16.416+0000 INFO [o.n.k.i.i.l.NativeLabelScanStore] Label index rebuilt (roughly 0 nodes)
2020-10-11 00:48:16.516+0000 INFO [o.n.k.i.DatabaseHealth] Database health set to OK
2020-10-11 00:48:18.104+0000 INFO [o.n.k.AvailabilityGuard] Fulfilling of requirement makes database available: Database available
2020-10-11 00:48:18.106+0000 INFO [o.n.k.i.f.GraphDatabaseFacadeFactory] Database is now ready
2020-10-11 00:48:18.110+0000 INFO [o.n.k.i.DiagnosticsManager] --- STARTED diagnostics for KernelDiagnostics:Versions START ---
2020-10-11 00:48:18.111+0000 INFO [o.n.k.i.DiagnosticsManager] Graph Database: community single StoreId{creationTime=1602377294724, randomId=-1710923656529143829, storeVersion=16094931155187206, upgradeTime=1602377294724, upgradeId=1}
2020-10-11 00:48:18.112+0000 INFO [o.n.k.i.DiagnosticsManager] Kernel version: 3.4.6,ff53003e8435935995de3a4aa337981c2609ca11
2020-10-11 00:48:18.113+0000 INFO [o.n.k.i.DiagnosticsManager] --- STARTED diagnostics for KernelDiagnostics:Versions END ---
2020-10-11 00:48:18.119+0000 INFO [o.n.k.i.DiagnosticsManager] --- STARTED diagnostics for NEO_STORE_VERSIONS START ---
2020-10-11 00:48:18.120+0000 INFO [o.n.k.i.DiagnosticsManager] Store versions:
2020-10-11 00:48:18.122+0000 INFO [o.n.k.i.DiagnosticsManager] Store versions:
2020-10-11 00:48:18.124+0000 INFO [o.n.k.i.DiagnosticsManager]   ArrayPropertyStore v0.A.9
2020-10-11 00:48:18.125+0000 INFO [o.n.k.i.DiagnosticsManager]   NodeStore v0.A.9
2020-10-11 00:48:18.126+0000 INFO [o.n.k.i.DiagnosticsManager]   StringPropertyStore v0.A.9
2020-10-11 00:48:18.126+0000 INFO [o.n.k.i.DiagnosticsManager]   PropertyIndexStore v0.A.9
2020-10-11 00:48:18.127+0000 INFO [o.n.k.i.DiagnosticsManager]   StringPropertyStore v0.A.9
2020-10-11 00:48:18.127+0000 INFO [o.n.k.i.DiagnosticsManager]   ArrayPropertyStore v0.A.9
2020-10-11 00:48:18.128+0000 INFO [o.n.k.i.DiagnosticsManager]   PropertyStore v0.A.9
2020-10-11 00:48:18.128+0000 INFO [o.n.k.i.DiagnosticsManager]   RelationshipStore v0.A.9
2020-10-11 00:48:18.129+0000 INFO [o.n.k.i.DiagnosticsManager]   StringPropertyStore v0.A.9
2020-10-11 00:48:18.129+0000 INFO [o.n.k.i.DiagnosticsManager]   RelationshipTypeStore v0.A.9
2020-10-11 00:48:18.130+0000 INFO [o.n.k.i.DiagnosticsManager]   StringPropertyStore v0.A.9
2020-10-11 00:48:18.130+0000 INFO [o.n.k.i.DiagnosticsManager]   LabelTokenStore v0.A.9
2020-10-11 00:48:18.130+0000 INFO [o.n.k.i.DiagnosticsManager]   SchemaStore v0.A.9
2020-10-11 00:48:18.131+0000 INFO [o.n.k.i.DiagnosticsManager]   RelationshipGroupStore v0.A.9
2020-10-11 00:48:18.131+0000 INFO [o.n.k.i.DiagnosticsManager]   NeoStore v0.A.9
2020-10-11 00:48:18.131+0000 INFO [o.n.k.i.DiagnosticsManager] --- STARTED diagnostics for NEO_STORE_VERSIONS END ---
2020-10-11 00:48:18.132+0000 INFO [o.n.k.i.DiagnosticsManager] --- STARTED diagnostics for NEO_STORE_ID_USAGE START ---
2020-10-11 00:48:18.132+0000 INFO [o.n.k.i.DiagnosticsManager] Id usage:
2020-10-11 00:48:18.132+0000 INFO [o.n.k.i.DiagnosticsManager] Id usage:
2020-10-11 00:48:18.133+0000 INFO [o.n.k.i.DiagnosticsManager]   ArrayPropertyStore: used=1 high=0
2020-10-11 00:48:18.134+0000 INFO [o.n.k.i.DiagnosticsManager]   NodeStore: used=0 high=-1
2020-10-11 00:48:18.134+0000 INFO [o.n.k.i.DiagnosticsManager]   StringPropertyStore: used=1 high=0
2020-10-11 00:48:18.134+0000 INFO [o.n.k.i.DiagnosticsManager]   PropertyIndexStore: used=0 high=-1
2020-10-11 00:48:18.135+0000 INFO [o.n.k.i.DiagnosticsManager]   StringPropertyStore: used=1 high=0
2020-10-11 00:48:18.135+0000 INFO [o.n.k.i.DiagnosticsManager]   ArrayPropertyStore: used=1 high=0
2020-10-11 00:48:18.135+0000 INFO [o.n.k.i.DiagnosticsManager]   PropertyStore: used=0 high=-1
2020-10-11 00:48:18.136+0000 INFO [o.n.k.i.DiagnosticsManager]   RelationshipStore: used=0 high=-1
2020-10-11 00:48:18.136+0000 INFO [o.n.k.i.DiagnosticsManager]   StringPropertyStore: used=1 high=0
2020-10-11 00:48:18.137+0000 INFO [o.n.k.i.DiagnosticsManager]   RelationshipTypeStore: used=0 high=-1
2020-10-11 00:48:18.137+0000 INFO [o.n.k.i.DiagnosticsManager]   StringPropertyStore: used=1 high=0
2020-10-11 00:48:18.137+0000 INFO [o.n.k.i.DiagnosticsManager]   LabelTokenStore: used=0 high=-1
2020-10-11 00:48:18.138+0000 INFO [o.n.k.i.DiagnosticsManager]   SchemaStore: used=1 high=0
2020-10-11 00:48:18.138+0000 INFO [o.n.k.i.DiagnosticsManager]   RelationshipGroupStore: used=1 high=0
2020-10-11 00:48:18.139+0000 INFO [o.n.k.i.DiagnosticsManager]   NeoStore: used=15 high=14
2020-10-11 00:48:18.139+0000 INFO [o.n.k.i.DiagnosticsManager] --- STARTED diagnostics for NEO_STORE_ID_USAGE END ---
2020-10-11 00:48:18.139+0000 INFO [o.n.k.i.DiagnosticsManager] --- STARTED diagnostics for NEO_STORE_RECORDS START ---
2020-10-11 00:48:18.140+0000 INFO [o.n.k.i.DiagnosticsManager] Neostore records:
2020-10-11 00:48:18.142+0000 INFO [o.n.k.i.DiagnosticsManager] TIME (Creation time): 1602377294724
2020-10-11 00:48:18.142+0000 INFO [o.n.k.i.DiagnosticsManager] RANDOM_NUMBER (Random number for store id): -1710923656529143829
2020-10-11 00:48:18.143+0000 INFO [o.n.k.i.DiagnosticsManager] LOG_VERSION (Current log version): 0
2020-10-11 00:48:18.143+0000 INFO [o.n.k.i.DiagnosticsManager] LAST_TRANSACTION_ID (Last committed transaction): 1
2020-10-11 00:48:18.144+0000 INFO [o.n.k.i.DiagnosticsManager] STORE_VERSION (Store format version): 16094931155187206
2020-10-11 00:48:18.144+0000 INFO [o.n.k.i.DiagnosticsManager] FIRST_GRAPH_PROPERTY (First property record containing graph properties): -1
2020-10-11 00:48:18.144+0000 INFO [o.n.k.i.DiagnosticsManager] LAST_CONSTRAINT_TRANSACTION (Last committed transaction containing constraint changes): 0
2020-10-11 00:48:18.145+0000 INFO [o.n.k.i.DiagnosticsManager] UPGRADE_TRANSACTION_ID (Transaction id most recent upgrade was performed at): 1
2020-10-11 00:48:18.145+0000 INFO [o.n.k.i.DiagnosticsManager] UPGRADE_TIME (Time of last upgrade): 1602377294724
2020-10-11 00:48:18.145+0000 INFO [o.n.k.i.DiagnosticsManager] LAST_TRANSACTION_CHECKSUM (Checksum of last committed transaction): 0
2020-10-11 00:48:18.146+0000 INFO [o.n.k.i.DiagnosticsManager] UPGRADE_TRANSACTION_CHECKSUM (Checksum of transaction id the most recent upgrade was performed at): 0
2020-10-11 00:48:18.146+0000 INFO [o.n.k.i.DiagnosticsManager] LAST_CLOSED_TRANSACTION_LOG_VERSION (Log version where the last transaction commit entry has been written into): 0
2020-10-11 00:48:18.147+0000 INFO [o.n.k.i.DiagnosticsManager] LAST_CLOSED_TRANSACTION_LOG_BYTE_OFFSET (Byte offset in the log file where the last transaction commit entry has been written into): 16
2020-10-11 00:48:18.147+0000 INFO [o.n.k.i.DiagnosticsManager] LAST_TRANSACTION_COMMIT_TIMESTAMP (Commit time timestamp for last committed transaction): 0
2020-10-11 00:48:18.147+0000 INFO [o.n.k.i.DiagnosticsManager] UPGRADE_TRANSACTION_COMMIT_TIMESTAMP (Commit timestamp of transaction the most recent upgrade was performed at): 0
2020-10-11 00:48:18.148+0000 INFO [o.n.k.i.DiagnosticsManager] --- STARTED diagnostics for NEO_STORE_RECORDS END ---
2020-10-11 00:48:18.150+0000 INFO [o.n.k.i.DiagnosticsManager] --- STARTED diagnostics for TRANSACTION_RANGE START ---
2020-10-11 00:48:18.150+0000 INFO [o.n.k.i.DiagnosticsManager] Transaction log:
2020-10-11 00:48:18.152+0000 INFO [o.n.k.i.DiagnosticsManager] No transactions found in any log
2020-10-11 00:48:18.153+0000 INFO [o.n.k.i.DiagnosticsManager] --- STARTED diagnostics for TRANSACTION_RANGE END ---
2020-10-11 00:48:18.163+0000 INFO [o.n.k.i.DiagnosticsManager] --- STARTED diagnostics for KernelDiagnostics:StoreFiles START ---
2020-10-11 00:48:18.168+0000 INFO [o.n.k.i.DiagnosticsManager] Disk space on partition (Total / Free / Free %): 255034507264 / 67189362688 / 26
2020-10-11 00:48:18.168+0000 INFO [o.n.k.i.DiagnosticsManager] Storage files: (filename : modification date - size)
2020-10-11 00:48:18.171+0000 INFO [o.n.k.i.DiagnosticsManager]   index:
2020-10-11 00:48:18.173+0000 INFO [o.n.k.i.DiagnosticsManager]   - Total: 2020-10-10T20:48:15-0400 - 0.00 B
2020-10-11 00:48:18.173+0000 INFO [o.n.k.i.DiagnosticsManager]   logs:
2020-10-11 00:48:18.176+0000 INFO [o.n.k.i.DiagnosticsManager]     debug.log: 2020-10-10T20:48:18-0400 - 39.78 kB
2020-10-11 00:48:18.177+0000 INFO [o.n.k.i.DiagnosticsManager]   - Total: 2020-10-10T20:48:11-0400 - 39.78 kB
2020-10-11 00:48:18.178+0000 INFO [o.n.k.i.DiagnosticsManager]   neostore: 2020-10-10T20:48:15-0400 - 8.00 kB
2020-10-11 00:48:18.180+0000 INFO [o.n.k.i.DiagnosticsManager]   neostore.counts.db.a: 2020-10-10T20:48:16-0400 - 96.00 B
2020-10-11 00:48:18.181+0000 INFO [o.n.k.i.DiagnosticsManager]   neostore.id: 2020-10-10T20:48:15-0400 - 9.00 B
2020-10-11 00:48:18.182+0000 INFO [o.n.k.i.DiagnosticsManager]   neostore.labelscanstore.db: 2020-10-10T20:48:16-0400 - 40.00 kB
2020-10-11 00:48:18.184+0000 INFO [o.n.k.i.DiagnosticsManager]   neostore.labeltokenstore.db: 2020-10-10T20:48:14-0400 - 0.00 B
2020-10-11 00:48:18.185+0000 INFO [o.n.k.i.DiagnosticsManager]   neostore.labeltokenstore.db.id: 2020-10-10T20:48:14-0400 - 9.00 B
2020-10-11 00:48:18.186+0000 INFO [o.n.k.i.DiagnosticsManager]   neostore.labeltokenstore.db.names: 2020-10-10T20:48:14-0400 - 8.00 kB
2020-10-11 00:48:18.187+0000 INFO [o.n.k.i.DiagnosticsManager]   neostore.labeltokenstore.db.names.id: 2020-10-10T20:48:14-0400 - 9.00 B
2020-10-11 00:48:18.187+0000 INFO [o.n.k.i.DiagnosticsManager]   neostore.nodestore.db: 2020-10-10T20:48:14-0400 - 0.00 B
2020-10-11 00:48:18.188+0000 INFO [o.n.k.i.DiagnosticsManager]   neostore.nodestore.db.id: 2020-10-10T20:48:14-0400 - 9.00 B
2020-10-11 00:48:18.189+0000 INFO [o.n.k.i.DiagnosticsManager]   neostore.nodestore.db.labels: 2020-10-10T20:48:14-0400 - 8.00 kB
2020-10-11 00:48:18.190+0000 INFO [o.n.k.i.DiagnosticsManager]   neostore.nodestore.db.labels.id: 2020-10-10T20:48:14-0400 - 9.00 B
2020-10-11 00:48:18.190+0000 INFO [o.n.k.i.DiagnosticsManager]   neostore.propertystore.db: 2020-10-10T20:48:14-0400 - 0.00 B
2020-10-11 00:48:18.191+0000 INFO [o.n.k.i.DiagnosticsManager]   neostore.propertystore.db.arrays: 2020-10-10T20:48:14-0400 - 8.00 kB
2020-10-11 00:48:18.192+0000 INFO [o.n.k.i.DiagnosticsManager]   neostore.propertystore.db.arrays.id: 2020-10-10T20:48:14-0400 - 9.00 B
2020-10-11 00:48:18.193+0000 INFO [o.n.k.i.DiagnosticsManager]   neostore.propertystore.db.id: 2020-10-10T20:48:14-0400 - 9.00 B
2020-10-11 00:48:18.194+0000 INFO [o.n.k.i.DiagnosticsManager]   neostore.propertystore.db.index: 2020-10-10T20:48:14-0400 - 0.00 B
2020-10-11 00:48:18.194+0000 INFO [o.n.k.i.DiagnosticsManager]   neostore.propertystore.db.index.id: 2020-10-10T20:48:14-0400 - 9.00 B
2020-10-11 00:48:18.195+0000 INFO [o.n.k.i.DiagnosticsManager]   neostore.propertystore.db.index.keys: 2020-10-10T20:48:14-0400 - 8.00 kB
2020-10-11 00:48:18.196+0000 INFO [o.n.k.i.DiagnosticsManager]   neostore.propertystore.db.index.keys.id: 2020-10-10T20:48:14-0400 - 9.00 B
2020-10-11 00:48:18.197+0000 INFO [o.n.k.i.DiagnosticsManager]   neostore.propertystore.db.strings: 2020-10-10T20:48:14-0400 - 8.00 kB
2020-10-11 00:48:18.199+0000 INFO [o.n.k.i.DiagnosticsManager]   neostore.propertystore.db.strings.id: 2020-10-10T20:48:14-0400 - 9.00 B
2020-10-11 00:48:18.200+0000 INFO [o.n.k.i.DiagnosticsManager]   neostore.relationshipgroupstore.db: 2020-10-10T20:48:14-0400 - 8.00 kB
2020-10-11 00:48:18.201+0000 INFO [o.n.k.i.DiagnosticsManager]   neostore.relationshipgroupstore.db.id: 2020-10-10T20:48:14-0400 - 9.00 B
2020-10-11 00:48:18.201+0000 INFO [o.n.k.i.DiagnosticsManager]   neostore.relationshipstore.db: 2020-10-10T20:48:14-0400 - 0.00 B
2020-10-11 00:48:18.202+0000 INFO [o.n.k.i.DiagnosticsManager]   neostore.relationshipstore.db.id: 2020-10-10T20:48:14-0400 - 9.00 B
2020-10-11 00:48:18.203+0000 INFO [o.n.k.i.DiagnosticsManager]   neostore.relationshiptypestore.db: 2020-10-10T20:48:14-0400 - 0.00 B
2020-10-11 00:48:18.204+0000 INFO [o.n.k.i.DiagnosticsManager]   neostore.relationshiptypestore.db.id: 2020-10-10T20:48:14-0400 - 9.00 B
2020-10-11 00:48:18.205+0000 INFO [o.n.k.i.DiagnosticsManager]   neostore.relationshiptypestore.db.names: 2020-10-10T20:48:14-0400 - 8.00 kB
2020-10-11 00:48:18.206+0000 INFO [o.n.k.i.DiagnosticsManager]   neostore.relationshiptypestore.db.names.id: 2020-10-10T20:48:14-0400 - 9.00 B
2020-10-11 00:48:18.207+0000 INFO [o.n.k.i.DiagnosticsManager]   neostore.schemastore.db: 2020-10-10T20:48:14-0400 - 8.00 kB
2020-10-11 00:48:18.208+0000 INFO [o.n.k.i.DiagnosticsManager]   neostore.schemastore.db.id: 2020-10-10T20:48:14-0400 - 9.00 B
2020-10-11 00:48:18.209+0000 INFO [o.n.k.i.DiagnosticsManager]   neostore.transaction.db.0: 2020-10-10T20:48:16-0400 - 16.00 B
2020-10-11 00:48:18.210+0000 INFO [o.n.k.i.DiagnosticsManager]   store_lock: 2020-10-10T20:48:14-0400 - 0.00 B
2020-10-11 00:48:18.210+0000 INFO [o.n.k.i.DiagnosticsManager] Storage summary: 
2020-10-11 00:48:18.211+0000 INFO [o.n.k.i.DiagnosticsManager]   Total size of store: 152.02 kB
2020-10-11 00:48:18.212+0000 INFO [o.n.k.i.DiagnosticsManager]   Total size of mapped files: 112.00 kB
2020-10-11 00:48:18.212+0000 INFO [o.n.k.i.DiagnosticsManager] --- STARTED diagnostics for KernelDiagnostics:StoreFiles END ---
2020-10-11 00:48:18.465+0000 INFO [o.n.k.i.f.GraphDatabaseFacadeFactory] Shutdown started
2020-10-11 00:48:18.467+0000 INFO [o.n.k.i.f.GraphDatabaseFacadeFactory] Database is now unavailable
2020-10-11 00:48:18.484+0000 INFO [o.n.k.i.t.l.c.CheckPointerImpl] Checkpoint triggered by database shutdown @ txId: 4 checkpoint started...
2020-10-11 00:48:18.511+0000 INFO [o.n.k.i.s.c.CountsTracker] Rotated counts store at transaction 4 to [C:\Users\Jack\eclipse-workspace\pandemic\data\cars\neostore.counts.db.b], from [C:\Users\Jack\eclipse-workspace\pandemic\data\cars\neostore.counts.db.a].
2020-10-11 00:48:18.558+0000 INFO [o.n.k.i.t.l.c.CheckPointerImpl] Checkpoint triggered by database shutdown @ txId: 4 checkpoint completed in 70ms
2020-10-11 00:48:18.561+0000 INFO [o.n.k.i.t.l.p.LogPruningImpl] No log version pruned, last checkpoint was made in version 0
2020-10-11 00:48:18.730+0000 INFO [o.n.k.i.DiagnosticsManager] --- STOPPING diagnostics START ---
2020-10-11 00:48:18.730+0000 INFO [o.n.k.i.DiagnosticsManager] --- STOPPING diagnostics END ---
2020-10-11 03:13:43.019+0000 WARN [o.n.k.i.JvmChecker] You are using an unsupported version of the Java runtime. Please use Oracle(R) Java(TM) Runtime Environment 8, OpenJDK(TM) 8 or IBM J9.
2020-10-11 03:13:43.092+0000 WARN [o.n.i.p.PageCache] The dbms.memory.pagecache.size setting has not been configured. It is recommended that this setting is always explicitly configured, to ensure the system has a balanced configuration. Until then, a computed heuristic value of 3189432320 bytes will be used instead. Run `neo4j-admin memrec` for memory configuration suggestions.
2020-10-11 03:13:43.775+0000 INFO [o.n.k.i.f.CommunityEditionModule] No locking implementation specified, defaulting to 'community'
2020-10-11 03:13:44.078+0000 INFO [o.n.k.AvailabilityGuard] Requirement makes database unavailable: Database available
2020-10-11 03:13:44.101+0000 INFO [o.n.k.i.DiagnosticsManager] --- INITIALIZED diagnostics START ---
2020-10-11 03:13:44.101+0000 INFO [o.n.k.i.DiagnosticsManager] Neo4j Kernel properties:
2020-10-11 03:13:44.101+0000 INFO [o.n.k.i.DiagnosticsManager] unsupported.dbms.directories.neo4j_home=C:\Users\Jack\eclipse-workspace\pandemic\data\cars
2020-10-11 03:13:44.101+0000 INFO [o.n.k.i.DiagnosticsManager] unsupported.dbms.edition=community
2020-10-11 03:13:44.101+0000 INFO [o.n.k.i.DiagnosticsManager] unsupported.dbms.ephemeral=false
2020-10-11 03:13:44.102+0000 INFO [o.n.k.i.DiagnosticsManager] Diagnostics providers:
2020-10-11 03:13:44.102+0000 INFO [o.n.k.i.DiagnosticsManager] org.neo4j.kernel.configuration.Config
2020-10-11 03:13:44.102+0000 INFO [o.n.k.i.DiagnosticsManager] org.neo4j.kernel.info.DiagnosticsManager
2020-10-11 03:13:44.102+0000 INFO [o.n.k.i.DiagnosticsManager] SYSTEM_MEMORY
2020-10-11 03:13:44.102+0000 INFO [o.n.k.i.DiagnosticsManager] JAVA_MEMORY
2020-10-11 03:13:44.102+0000 INFO [o.n.k.i.DiagnosticsManager] OPERATING_SYSTEM
2020-10-11 03:13:44.102+0000 INFO [o.n.k.i.DiagnosticsManager] JAVA_VIRTUAL_MACHINE
2020-10-11 03:13:44.102+0000 INFO [o.n.k.i.DiagnosticsManager] CLASSPATH
2020-10-11 03:13:44.102+0000 INFO [o.n.k.i.DiagnosticsManager] LIBRARY_PATH
2020-10-11 03:13:44.102+0000 INFO [o.n.k.i.DiagnosticsManager] SYSTEM_PROPERTIES
2020-10-11 03:13:44.102+0000 INFO [o.n.k.i.DiagnosticsManager] TIMEZONE_DATABASE
2020-10-11 03:13:44.103+0000 INFO [o.n.k.i.DiagnosticsManager] NETWORK
2020-10-11 03:13:44.103+0000 INFO [o.n.k.i.DiagnosticsManager] System memory information:
2020-10-11 03:13:44.119+0000 INFO [o.n.k.i.DiagnosticsManager] Total Physical memory: 7.92 GB
2020-10-11 03:13:44.119+0000 INFO [o.n.k.i.DiagnosticsManager] Free Physical memory: 287.93 MB
2020-10-11 03:13:44.120+0000 INFO [o.n.k.i.DiagnosticsManager] Committed virtual memory: 255.02 MB
2020-10-11 03:13:44.120+0000 INFO [o.n.k.i.DiagnosticsManager] Total swap space: 26.92 GB
2020-10-11 03:13:44.120+0000 INFO [o.n.k.i.DiagnosticsManager] Free swap space: 11.03 GB
2020-10-11 03:13:44.120+0000 INFO [o.n.k.i.DiagnosticsManager] JVM memory information:
2020-10-11 03:13:44.121+0000 INFO [o.n.k.i.DiagnosticsManager] Free  memory: 81.50 MB
2020-10-11 03:13:44.121+0000 INFO [o.n.k.i.DiagnosticsManager] Total memory: 128.00 MB
2020-10-11 03:13:44.121+0000 INFO [o.n.k.i.DiagnosticsManager] Max   memory: 1.98 GB
2020-10-11 03:13:44.161+0000 INFO [o.n.k.i.DiagnosticsManager] Garbage Collector: G1 Young Generation: [G1 Eden Space, G1 Survivor Space, G1 Old Gen]
2020-10-11 03:13:44.162+0000 INFO [o.n.k.i.DiagnosticsManager] Garbage Collector: G1 Old Generation: [G1 Eden Space, G1 Survivor Space, G1 Old Gen]
2020-10-11 03:13:44.163+0000 INFO [o.n.k.i.DiagnosticsManager] Memory Pool: CodeHeap 'non-nmethods' (Non-heap memory): committed=2.44 MB, used=1.11 MB, max=5.63 MB, threshold=0.00 B
2020-10-11 03:13:44.163+0000 INFO [o.n.k.i.DiagnosticsManager] Memory Pool: Metaspace (Non-heap memory): committed=18.75 MB, used=18.02 MB, max=-1.00 B, threshold=0.00 B
2020-10-11 03:13:44.163+0000 INFO [o.n.k.i.DiagnosticsManager] Memory Pool: CodeHeap 'profiled nmethods' (Non-heap memory): committed=3.44 MB, used=3.40 MB, max=117.19 MB, threshold=0.00 B
2020-10-11 03:13:44.164+0000 INFO [o.n.k.i.DiagnosticsManager] Memory Pool: Compressed Class Space (Non-heap memory): committed=2.25 MB, used=2.03 MB, max=1.00 GB, threshold=0.00 B
2020-10-11 03:13:44.164+0000 INFO [o.n.k.i.DiagnosticsManager] Memory Pool: G1 Eden Space (Heap memory): committed=77.00 MB, used=35.00 MB, max=-1.00 B, threshold=?
2020-10-11 03:13:44.164+0000 INFO [o.n.k.i.DiagnosticsManager] Memory Pool: G1 Old Gen (Heap memory): committed=48.00 MB, used=8.00 MB, max=1.98 GB, threshold=0.00 B
2020-10-11 03:13:44.164+0000 INFO [o.n.k.i.DiagnosticsManager] Memory Pool: G1 Survivor Space (Heap memory): committed=3.00 MB, used=3.00 MB, max=-1.00 B, threshold=?
2020-10-11 03:13:44.165+0000 INFO [o.n.k.i.DiagnosticsManager] Memory Pool: CodeHeap 'non-profiled nmethods' (Non-heap memory): committed=2.44 MB, used=611.25 kB, max=117.19 MB, threshold=0.00 B
2020-10-11 03:13:44.165+0000 INFO [o.n.k.i.DiagnosticsManager] Operating system information:
2020-10-11 03:13:44.166+0000 INFO [o.n.k.i.DiagnosticsManager] Operating System: Windows 10; version: 10.0; arch: amd64; cpus: 8
2020-10-11 03:13:44.194+0000 INFO [o.n.k.i.DiagnosticsManager] Process id: 22404@DESKTOP-I7PJ4SQ
2020-10-11 03:13:44.194+0000 INFO [o.n.k.i.DiagnosticsManager] Byte order: LITTLE_ENDIAN
2020-10-11 03:13:44.211+0000 INFO [o.n.k.i.DiagnosticsManager] Local timezone: America/New_York
2020-10-11 03:13:44.211+0000 INFO [o.n.k.i.DiagnosticsManager] JVM information:
2020-10-11 03:13:44.211+0000 INFO [o.n.k.i.DiagnosticsManager] VM Name: Java HotSpot(TM) 64-Bit Server VM
2020-10-11 03:13:44.211+0000 INFO [o.n.k.i.DiagnosticsManager] VM Vendor: Oracle Corporation
2020-10-11 03:13:44.211+0000 INFO [o.n.k.i.DiagnosticsManager] VM Version: 11.0.7+8-LTS
2020-10-11 03:13:44.212+0000 INFO [o.n.k.i.DiagnosticsManager] JIT compiler: HotSpot 64-Bit Tiered Compilers
2020-10-11 03:13:44.212+0000 INFO [o.n.k.i.DiagnosticsManager] VM Arguments: [-Dfile.encoding=UTF-8]
2020-10-11 03:13:44.212+0000 INFO [o.n.k.i.DiagnosticsManager] Java classpath:
2020-10-11 03:13:44.215+0000 INFO [o.n.k.i.DiagnosticsManager]  [classpath] C:\Users\Jack\.m2\repository\junit\junit\3.8.1\junit-3.8.1.jar
2020-10-11 03:13:44.215+0000 INFO [o.n.k.i.DiagnosticsManager]  [classpath] C:\Users\Jack\.m2\repository\org\ow2\asm\asm-analysis\6.2\asm-analysis-6.2.jar
2020-10-11 03:13:44.216+0000 INFO [o.n.k.i.DiagnosticsManager]  [classpath] C:\Users\Jack\.m2\repository\org\neo4j\neo4j-cypher-interpreted-runtime\3.4.6\neo4j-cypher-interpreted-runtime-3.4.6.jar
2020-10-11 03:13:44.216+0000 INFO [o.n.k.i.DiagnosticsManager]  [classpath] C:\Users\Jack\.m2\repository\org\objenesis\objenesis\2.6\objenesis-2.6.jar
2020-10-11 03:13:44.216+0000 INFO [o.n.k.i.DiagnosticsManager]  [classpath] C:\Users\Jack\.m2\repository\org\neo4j\neo4j-logging\3.4.6\neo4j-logging-3.4.6.jar
2020-10-11 03:13:44.216+0000 INFO [o.n.k.i.DiagnosticsManager]  [classpath] C:\Users\Jack\.m2\repository\com\profesorfalken\jPowerShell\1.9\jPowerShell-1.9.jar
2020-10-11 03:13:44.216+0000 INFO [o.n.k.i.DiagnosticsManager]  [classpath] C:\Users\Jack\.m2\repository\net\sf\opencsv\opencsv\2.3\opencsv-2.3.jar
2020-10-11 03:13:44.216+0000 INFO [o.n.k.i.DiagnosticsManager]  [classpath] C:\Users\Jack\.m2\repository\org\neo4j\neo4j-graph-algo\3.4.6\neo4j-graph-algo-3.4.6.jar
2020-10-11 03:13:44.216+0000 INFO [o.n.k.i.DiagnosticsManager]  [classpath] C:\Users\Jack\.m2\repository\org\apache\lucene\lucene-backward-codecs\5.5.0\lucene-backward-codecs-5.5.0.jar
2020-10-11 03:13:44.216+0000 INFO [o.n.k.i.DiagnosticsManager]  [classpath] C:\Users\Jack\.m2\repository\org\neo4j\neo4j-cypher-runtime-util\3.4.6\neo4j-cypher-runtime-util-3.4.6.jar
2020-10-11 03:13:44.216+0000 INFO [o.n.k.i.DiagnosticsManager]  [classpath] C:\Users\Jack\.m2\repository\org\neo4j\neo4j-lucene-index\3.4.6\neo4j-lucene-index-3.4.6.jar
2020-10-11 03:13:44.217+0000 INFO [o.n.k.i.DiagnosticsManager]  [classpath] C:\Users\Jack\.m2\repository\org\neo4j\neo4j-cypher-frontend-2.3\2.3.12\neo4j-cypher-frontend-2.3-2.3.12.jar
2020-10-11 03:13:44.217+0000 INFO [o.n.k.i.DiagnosticsManager]  [classpath] C:\Users\Jack\.m2\repository\org\neo4j\neo4j-cypher\3.4.6\neo4j-cypher-3.4.6.jar
2020-10-11 03:13:44.217+0000 INFO [o.n.k.i.DiagnosticsManager]  [classpath] C:\Users\Jack\.m2\repository\org\neo4j\neo4j-cypher-planner-spi-3.4\3.4.6\neo4j-cypher-planner-spi-3.4-3.4.6.jar
2020-10-11 03:13:44.217+0000 INFO [o.n.k.i.DiagnosticsManager]  [classpath] C:\Users\Jack\.m2\repository\com\profesorfalken\WMI4Java\1.6.1\WMI4Java-1.6.1.jar
2020-10-11 03:13:44.217+0000 INFO [o.n.k.i.DiagnosticsManager]  [classpath] C:\Users\Jack\.m2\repository\org\neo4j\neo4j-configuration\3.4.6\neo4j-configuration-3.4.6.jar
2020-10-11 03:13:44.217+0000 INFO [o.n.k.i.DiagnosticsManager]  [classpath] C:\Users\Jack\.m2\repository\org\neo4j\neo4j-cypher-util-3.4\3.4.6\neo4j-cypher-util-3.4-3.4.6.jar
2020-10-11 03:13:44.217+0000 INFO [o.n.k.i.DiagnosticsManager]  [classpath] C:\Users\Jack\.m2\repository\org\neo4j\neo4j-procedure-api\3.4.6\neo4j-procedure-api-3.4.6.jar
2020-10-11 03:13:44.217+0000 INFO [o.n.k.i.DiagnosticsManager]  [classpath] C:\Users\Jack\.m2\repository\org\neo4j\neo4j-cypher-compiler-3.1\3.1.9\neo4j-cypher-compiler-3.1-3.1.9.jar
2020-10-11 03:13:44.218+0000 INFO [o.n.k.i.DiagnosticsManager]  [classpath] C:\Users\Jack\.m2\repository\org\neo4j\neo4j-collections\3.4.6\neo4j-collections-3.4.6.jar
2020-10-11 03:13:44.218+0000 INFO [o.n.k.i.DiagnosticsManager]  [classpath] C:\Users\Jack\.m2\repository\org\neo4j\neo4j-ssl\3.4.6\neo4j-ssl-3.4.6.jar
2020-10-11 03:13:44.218+0000 INFO [o.n.k.i.DiagnosticsManager]  [classpath] C:\Users\Jack\.m2\repository\org\neo4j\neo4j-cypher-logical-plans-3.3\3.3.6\neo4j-cypher-logical-plans-3.3-3.3.6.jar
2020-10-11 03:13:44.218+0000 INFO [o.n.k.i.DiagnosticsManager]  [classpath] C:\Users\Jack\.m2\repository\org\neo4j\neo4j-spatial-index\3.4.6\neo4j-spatial-index-3.4.6.jar
2020-10-11 03:13:44.218+0000 INFO [o.n.k.i.DiagnosticsManager]  [classpath] C:\Users\Jack\.m2\repository\org\ow2\asm\asm-util\6.2\asm-util-6.2.jar
2020-10-11 03:13:44.218+0000 INFO [o.n.k.i.DiagnosticsManager]  [classpath] C:\Users\Jack\.m2\repository\org\neo4j\neo4j-command-line\3.4.6\neo4j-command-line-3.4.6.jar
2020-10-11 03:13:44.218+0000 INFO [o.n.k.i.DiagnosticsManager]  [classpath] C:\Users\Jack\.m2\repository\org\apache\lucene\lucene-codecs\5.5.5\lucene-codecs-5.5.5.jar
2020-10-11 03:13:44.218+0000 INFO [o.n.k.i.DiagnosticsManager]  [classpath] C:\Users\Jack\.m2\repository\org\neo4j\neo4j-cypher-frontend-3.3\3.3.6\neo4j-cypher-frontend-3.3-3.3.6.jar
2020-10-11 03:13:44.218+0000 INFO [o.n.k.i.DiagnosticsManager]  [classpath] C:\Users\Jack\.m2\repository\org\neo4j\neo4j-dbms\3.4.6\neo4j-dbms-3.4.6.jar
2020-10-11 03:13:44.218+0000 INFO [o.n.k.i.DiagnosticsManager]  [classpath] C:\Users\Jack\.m2\repository\org\neo4j\neo4j-consistency-check\3.4.6\neo4j-consistency-check-3.4.6.jar
2020-10-11 03:13:44.218+0000 INFO [o.n.k.i.DiagnosticsManager]  [classpath] C:\Users\Jack\.m2\repository\org\neo4j\neo4j-kernel-api\3.4.6\neo4j-kernel-api-3.4.6.jar
2020-10-11 03:13:44.218+0000 INFO [o.n.k.i.DiagnosticsManager]  [classpath] C:\Users\Jack\.m2\repository\org\neo4j\neo4j-jmx\3.4.6\neo4j-jmx-3.4.6.jar
2020-10-11 03:13:44.218+0000 INFO [o.n.k.i.DiagnosticsManager]  [classpath] C:\Users\Jack\.m2\repository\org\apache\commons\commons-compress\1.16.1\commons-compress-1.16.1.jar
2020-10-11 03:13:44.218+0000 INFO [o.n.k.i.DiagnosticsManager]  [classpath] C:\Users\Jack\.m2\repository\org\neo4j\neo4j-cypher-planner-3.4\3.4.6\neo4j-cypher-planner-3.4-3.4.6.jar
2020-10-11 03:13:44.219+0000 INFO [o.n.k.i.DiagnosticsManager]  [classpath] C:\Users\Jack\.m2\repository\org\apache\lucene\lucene-core\5.5.5\lucene-core-5.5.5.jar
2020-10-11 03:13:44.219+0000 INFO [o.n.k.i.DiagnosticsManager]  [classpath] C:\Users\Jack\.m2\repository\org\neo4j\neo4j-cypher-compiler-2.3\2.3.12\neo4j-cypher-compiler-2.3-2.3.12.jar
2020-10-11 03:13:44.219+0000 INFO [o.n.k.i.DiagnosticsManager]  [classpath] C:\Users\Jack\.m2\repository\org\apache\commons\commons-lang3\3.7\commons-lang3-3.7.jar
2020-10-11 03:13:44.219+0000 INFO [o.n.k.i.DiagnosticsManager]  [classpath] C:\Users\Jack\.m2\repository\org\neo4j\neo4j-cypher-compiler-3.3\3.3.6\neo4j-cypher-compiler-3.3-3.3.6.jar
2020-10-11 03:13:44.219+0000 INFO [o.n.k.i.DiagnosticsManager]  [classpath] C:\Users\Jack\.m2\repository\org\bouncycastle\bcprov-jdk15on\1.59\bcprov-jdk15on-1.59.jar
2020-10-11 03:13:44.219+0000 INFO [o.n.k.i.DiagnosticsManager]  [classpath] C:\Users\Jack\.m2\repository\org\neo4j\neo4j-import-tool\3.4.6\neo4j-import-tool-3.4.6.jar
2020-10-11 03:13:44.219+0000 INFO [o.n.k.i.DiagnosticsManager]  [classpath] C:\Users\Jack\eclipse-workspace\pandemic\target\classes
2020-10-11 03:13:44.219+0000 INFO [o.n.k.i.DiagnosticsManager]  [classpath] C:\Users\Jack\.m2\repository\org\apache\lucene\lucene-analyzers-common\5.5.5\lucene-analyzers-common-5.5.5.jar
2020-10-11 03:13:44.219+0000 INFO [o.n.k.i.DiagnosticsManager]  [classpath] C:\Users\Jack\.m2\repository\org\neo4j\neo4j-primitive-collections\3.4.6\neo4j-primitive-collections-3.4.6.jar
2020-10-11 03:13:44.219+0000 INFO [o.n.k.i.DiagnosticsManager]  [classpath] C:\Users\Jack\.m2\repository\org\scala-lang\scala-library\2.11.12\scala-library-2.11.12.jar
2020-10-11 03:13:44.219+0000 INFO [o.n.k.i.DiagnosticsManager]  [classpath] C:\Users\Jack\.m2\repository\org\apache\commons\commons-text\1.3\commons-text-1.3.jar
2020-10-11 03:13:44.219+0000 INFO [o.n.k.i.DiagnosticsManager]  [classpath] C:\Users\Jack\.m2\repository\org\parboiled\parboiled-core\1.1.7\parboiled-core-1.1.7.jar
2020-10-11 03:13:44.219+0000 INFO [o.n.k.i.DiagnosticsManager]  [classpath] C:\Users\Jack\.m2\repository\org\neo4j\neo4j-codegen\3.4.6\neo4j-codegen-3.4.6.jar
2020-10-11 03:13:44.219+0000 INFO [o.n.k.i.DiagnosticsManager]  [classpath] C:\Users\Jack\.m2\repository\org\ow2\asm\asm\6.2\asm-6.2.jar
2020-10-11 03:13:44.220+0000 INFO [o.n.k.i.DiagnosticsManager]  [classpath] C:\Users\Jack\.m2\repository\org\neo4j\neo4j-graph-matching\3.1.9\neo4j-graph-matching-3.1.9.jar
2020-10-11 03:13:44.220+0000 INFO [o.n.k.i.DiagnosticsManager]  [classpath] C:\Users\Jack\.m2\repository\org\neo4j\neo4j-kernel\3.4.6\neo4j-kernel-3.4.6.jar
2020-10-11 03:13:44.220+0000 INFO [o.n.k.i.DiagnosticsManager]  [classpath] C:\Users\Jack\.m2\repository\org\parboiled\parboiled-scala_2.11\1.1.7\parboiled-scala_2.11-1.1.7.jar
2020-10-11 03:13:44.220+0000 INFO [o.n.k.i.DiagnosticsManager]  [classpath] C:\Users\Jack\.m2\repository\org\scala-lang\scala-reflect\2.11.12\scala-reflect-2.11.12.jar
2020-10-11 03:13:44.220+0000 INFO [o.n.k.i.DiagnosticsManager]  [classpath] C:\Users\Jack\.m2\repository\org\apache\lucene\lucene-queryparser\5.5.5\lucene-queryparser-5.5.5.jar
2020-10-11 03:13:44.220+0000 INFO [o.n.k.i.DiagnosticsManager]  [classpath] C:\Users\Jack\.m2\repository\org\neo4j\neo4j-cypher-ir-3.4\3.4.6\neo4j-cypher-ir-3.4-3.4.6.jar
2020-10-11 03:13:44.220+0000 INFO [o.n.k.i.DiagnosticsManager]  [classpath] C:\Users\Jack\eclipse-workspace\pandemic\target\test-classes
2020-10-11 03:13:44.220+0000 INFO [o.n.k.i.DiagnosticsManager]  [classpath] C:\Users\Jack\.m2\repository\org\neo4j\neo4j-cypher-frontend-3.1\3.1.9\neo4j-cypher-frontend-3.1-3.1.9.jar
2020-10-11 03:13:44.220+0000 INFO [o.n.k.i.DiagnosticsManager]  [classpath] C:\Users\Jack\.m2\repository\org\neo4j\neo4j-io\3.4.6\neo4j-io-3.4.6.jar
2020-10-11 03:13:44.220+0000 INFO [o.n.k.i.DiagnosticsManager]  [classpath] C:\Users\Jack\.m2\repository\org\neo4j\neo4j-cypher-logical-plans-3.4\3.4.6\neo4j-cypher-logical-plans-3.4-3.4.6.jar
2020-10-11 03:13:44.220+0000 INFO [o.n.k.i.DiagnosticsManager]  [classpath] C:\Users\Jack\.m2\repository\io\netty\netty-all\4.1.24.Final\netty-all-4.1.24.Final.jar
2020-10-11 03:13:44.220+0000 INFO [o.n.k.i.DiagnosticsManager]  [classpath] C:\Users\Jack\.m2\repository\com\googlecode\concurrentlinkedhashmap\concurrentlinkedhashmap-lru\1.4.2\concurrentlinkedhashmap-lru-1.4.2.jar
2020-10-11 03:13:44.220+0000 INFO [o.n.k.i.DiagnosticsManager]  [classpath] C:\Users\Jack\.m2\repository\org\neo4j\neo4j-csv\3.4.6\neo4j-csv-3.4.6.jar
2020-10-11 03:13:44.220+0000 INFO [o.n.k.i.DiagnosticsManager]  [classpath] C:\Users\Jack\.m2\repository\org\neo4j\openCypher-frontend-1\3.4.6\openCypher-frontend-1-3.4.6.jar
2020-10-11 03:13:44.220+0000 INFO [o.n.k.i.DiagnosticsManager]  [classpath] C:\Users\Jack\.m2\repository\org\neo4j\neo4j-common\3.4.6\neo4j-common-3.4.6.jar
2020-10-11 03:13:44.220+0000 INFO [o.n.k.i.DiagnosticsManager]  [classpath] C:\Users\Jack\.m2\repository\org\neo4j\neo4j-cypher-expression-3.4\3.4.6\neo4j-cypher-expression-3.4-3.4.6.jar
2020-10-11 03:13:44.221+0000 INFO [o.n.k.i.DiagnosticsManager]  [classpath] C:\Users\Jack\.m2\repository\org\neo4j\neo4j-lucene-upgrade\3.4.6\neo4j-lucene-upgrade-3.4.6.jar
2020-10-11 03:13:44.221+0000 INFO [o.n.k.i.DiagnosticsManager]  [classpath] C:\Users\Jack\.m2\repository\org\bouncycastle\bcpkix-jdk15on\1.59\bcpkix-jdk15on-1.59.jar
2020-10-11 03:13:44.221+0000 INFO [o.n.k.i.DiagnosticsManager]  [classpath] C:\Users\Jack\.m2\repository\com\github\ben-manes\caffeine\caffeine\2.3.3\caffeine-2.3.3.jar
2020-10-11 03:13:44.221+0000 INFO [o.n.k.i.DiagnosticsManager]  [classpath] C:\Users\Jack\.m2\repository\org\neo4j\neo4j-index\3.4.6\neo4j-index-3.4.6.jar
2020-10-11 03:13:44.221+0000 INFO [o.n.k.i.DiagnosticsManager]  [classpath] C:\Users\Jack\.m2\repository\org\neo4j\neo4j-graphdb-api\3.4.6\neo4j-graphdb-api-3.4.6.jar
2020-10-11 03:13:44.221+0000 INFO [o.n.k.i.DiagnosticsManager]  [classpath] C:\Users\Jack\.m2\repository\org\neo4j\neo4j-unsafe\3.4.6\neo4j-unsafe-3.4.6.jar
2020-10-11 03:13:44.221+0000 INFO [o.n.k.i.DiagnosticsManager]  [classpath] C:\Users\Jack\.m2\repository\org\neo4j\neo4j\3.4.6\neo4j-3.4.6.jar
2020-10-11 03:13:44.221+0000 INFO [o.n.k.i.DiagnosticsManager]  [classpath] C:\Users\Jack\.m2\repository\org\neo4j\neo4j-udc\3.4.6\neo4j-udc-3.4.6.jar
2020-10-11 03:13:44.221+0000 INFO [o.n.k.i.DiagnosticsManager]  [classpath] C:\Users\Jack\.m2\repository\org\jprocesses\jProcesses\1.6.4\jProcesses-1.6.4.jar
2020-10-11 03:13:44.221+0000 INFO [o.n.k.i.DiagnosticsManager]  [classpath] C:\Users\Jack\.m2\repository\org\ow2\asm\asm-tree\6.2\asm-tree-6.2.jar
2020-10-11 03:13:44.221+0000 INFO [o.n.k.i.DiagnosticsManager]  [classpath] C:\Users\Jack\.m2\repository\org\neo4j\neo4j-resource\3.4.6\neo4j-resource-3.4.6.jar
2020-10-11 03:13:44.222+0000 INFO [o.n.k.i.DiagnosticsManager]  [classpath] C:\Users\Jack\.m2\repository\org\neo4j\neo4j-values\3.4.6\neo4j-values-3.4.6.jar
2020-10-11 03:13:44.222+0000 INFO [o.n.k.i.DiagnosticsManager]  [classpath] C:\Users\Jack\.m2\repository\org\neo4j\neo4j-cypher-ir-3.3\3.3.6\neo4j-cypher-ir-3.3-3.3.6.jar
2020-10-11 03:13:44.222+0000 INFO [o.n.k.i.DiagnosticsManager] Library path:
2020-10-11 03:13:44.223+0000 INFO [o.n.k.i.DiagnosticsManager] C:\Program Files\Java\jdk-11.0.7\bin
2020-10-11 03:13:44.223+0000 INFO [o.n.k.i.DiagnosticsManager] C:\Windows\Sun\Java\bin
2020-10-11 03:13:44.223+0000 INFO [o.n.k.i.DiagnosticsManager] C:\Windows\System32
2020-10-11 03:13:44.223+0000 INFO [o.n.k.i.DiagnosticsManager] C:\Windows
2020-10-11 03:13:44.225+0000 INFO [o.n.k.i.DiagnosticsManager] C:\Program Files\Java\jre1.8.0_192\bin\server
2020-10-11 03:13:44.225+0000 INFO [o.n.k.i.DiagnosticsManager] C:\Program Files\Java\jre1.8.0_192\bin
2020-10-11 03:13:44.226+0000 INFO [o.n.k.i.DiagnosticsManager] C:\Program Files\Java\jre1.8.0_192\lib\amd64
2020-10-11 03:13:44.227+0000 INFO [o.n.k.i.DiagnosticsManager] C:\oraclexe\app\oracle\product\11.2.0\server\bin
2020-10-11 03:13:44.227+0000 INFO [o.n.k.i.DiagnosticsManager] C:\Users\Jack\eclipse-workspace\pandemic
2020-10-11 03:13:44.228+0000 INFO [o.n.k.i.DiagnosticsManager] C:\Program Files (x86)\ActiveState Komodo Edit 11
2020-10-11 03:13:44.230+0000 INFO [o.n.k.i.DiagnosticsManager] C:\Program Files (x86)\Common Files\Oracle\Java\javapath
2020-10-11 03:13:44.230+0000 INFO [o.n.k.i.DiagnosticsManager] C:\Windows\System32
2020-10-11 03:13:44.231+0000 INFO [o.n.k.i.DiagnosticsManager] C:\Windows
2020-10-11 03:13:44.231+0000 INFO [o.n.k.i.DiagnosticsManager] C:\Windows\System32\wbem
2020-10-11 03:13:44.232+0000 INFO [o.n.k.i.DiagnosticsManager] C:\Windows\System32\WindowsPowerShell\v1.0
2020-10-11 03:13:44.233+0000 INFO [o.n.k.i.DiagnosticsManager] C:\Windows\System32\OpenSSH
2020-10-11 03:13:44.234+0000 INFO [o.n.k.i.DiagnosticsManager] C:\Program Files\PuTTY
2020-10-11 03:13:44.235+0000 INFO [o.n.k.i.DiagnosticsManager] C:\Program Files\Git\cmd
2020-10-11 03:13:44.237+0000 INFO [o.n.k.i.DiagnosticsManager] C:\Program Files\Docker\Docker\resources\bin
2020-10-11 03:13:44.238+0000 INFO [o.n.k.i.DiagnosticsManager] C:\ProgramData\DockerDesktop\version-bin
2020-10-11 03:13:44.239+0000 INFO [o.n.k.i.DiagnosticsManager] C:\Users\Jack\AppData\Local\Microsoft\WindowsApps
2020-10-11 03:13:44.240+0000 INFO [o.n.k.i.DiagnosticsManager] C:\Users\Jack\eclipse-workspace\pandemic
2020-10-11 03:13:44.240+0000 INFO [o.n.k.i.DiagnosticsManager] C:\Program Files\Docker Toolbox
2020-10-11 03:13:44.240+0000 INFO [o.n.k.i.DiagnosticsManager] C:\Windows\System32
2020-10-11 03:13:44.240+0000 INFO [o.n.k.i.DiagnosticsManager] C:\Users\Jack\eclipse-workspace\pandemic
2020-10-11 03:13:44.241+0000 INFO [o.n.k.i.DiagnosticsManager] C:\Users\Jack\eclipse-workspace\pandemic
2020-10-11 03:13:44.241+0000 INFO [o.n.k.i.DiagnosticsManager] System.properties:
2020-10-11 03:13:44.241+0000 INFO [o.n.k.i.DiagnosticsManager] sun.desktop = windows
2020-10-11 03:13:44.241+0000 INFO [o.n.k.i.DiagnosticsManager] awt.toolkit = sun.awt.windows.WToolkit
2020-10-11 03:13:44.241+0000 INFO [o.n.k.i.DiagnosticsManager] sun.cpu.isalist = amd64
2020-10-11 03:13:44.241+0000 INFO [o.n.k.i.DiagnosticsManager] sun.jnu.encoding = Cp1252
2020-10-11 03:13:44.241+0000 INFO [o.n.k.i.DiagnosticsManager] sun.arch.data.model = 64
2020-10-11 03:13:44.241+0000 INFO [o.n.k.i.DiagnosticsManager] user.variant = 
2020-10-11 03:13:44.242+0000 INFO [o.n.k.i.DiagnosticsManager] user.timezone = America/New_York
2020-10-11 03:13:44.242+0000 INFO [o.n.k.i.DiagnosticsManager] sun.java.launcher = SUN_STANDARD
2020-10-11 03:13:44.242+0000 INFO [o.n.k.i.DiagnosticsManager] user.country = US
2020-10-11 03:13:44.242+0000 INFO [o.n.k.i.DiagnosticsManager] sun.boot.library.path = C:\Program Files\Java\jdk-11.0.7\bin
2020-10-11 03:13:44.242+0000 INFO [o.n.k.i.DiagnosticsManager] sun.java.command = neo4j.pandemic.Driver
2020-10-11 03:13:44.242+0000 INFO [o.n.k.i.DiagnosticsManager] jdk.debug = release
2020-10-11 03:13:44.242+0000 INFO [o.n.k.i.DiagnosticsManager] sun.cpu.endian = little
2020-10-11 03:13:44.242+0000 INFO [o.n.k.i.DiagnosticsManager] user.home = C:\Users\Jack
2020-10-11 03:13:44.242+0000 INFO [o.n.k.i.DiagnosticsManager] user.language = en
2020-10-11 03:13:44.242+0000 INFO [o.n.k.i.DiagnosticsManager] file.separator = \
2020-10-11 03:13:44.242+0000 INFO [o.n.k.i.DiagnosticsManager] user.script = 
2020-10-11 03:13:44.242+0000 INFO [o.n.k.i.DiagnosticsManager] sun.management.compiler = HotSpot 64-Bit Tiered Compilers
2020-10-11 03:13:44.242+0000 INFO [o.n.k.i.DiagnosticsManager] user.name = Jack
2020-10-11 03:13:44.242+0000 INFO [o.n.k.i.DiagnosticsManager] path.separator = ;
2020-10-11 03:13:44.242+0000 INFO [o.n.k.i.DiagnosticsManager] file.encoding = UTF-8
2020-10-11 03:13:44.242+0000 INFO [o.n.k.i.DiagnosticsManager] user.dir = C:\Users\Jack\eclipse-workspace\pandemic
2020-10-11 03:13:44.242+0000 INFO [o.n.k.i.DiagnosticsManager] sun.os.patch.level = 
2020-10-11 03:13:44.242+0000 INFO [o.n.k.i.DiagnosticsManager] sun.io.unicode.encoding = UnicodeLittle
2020-10-11 03:13:44.242+0000 INFO [o.n.k.i.DiagnosticsManager] (IANA) TimeZone Database Version:
2020-10-11 03:13:44.278+0000 INFO [o.n.k.i.DiagnosticsManager]   TimeZone version: 2019c (available for 600 zone identifiers)
2020-10-11 03:13:44.278+0000 INFO [o.n.k.i.DiagnosticsManager] Network information:
2020-10-11 03:13:44.570+0000 INFO [o.n.k.i.DiagnosticsManager] Interface Software Loopback Interface 1:
2020-10-11 03:13:44.571+0000 INFO [o.n.k.i.DiagnosticsManager]     address: 127.0.0.1
2020-10-11 03:13:44.571+0000 INFO [o.n.k.i.DiagnosticsManager]     address: 0:0:0:0:0:0:0:1
2020-10-11 03:13:44.571+0000 INFO [o.n.k.i.DiagnosticsManager] Interface Microsoft 6to4 Adapter:
2020-10-11 03:13:44.571+0000 INFO [o.n.k.i.DiagnosticsManager] Interface Microsoft Wi-Fi Direct Virtual Adapter #2:
2020-10-11 03:13:44.571+0000 INFO [o.n.k.i.DiagnosticsManager]     address: fe80:0:0:0:80c6:3a96:f79a:5186%wlan0
2020-10-11 03:13:44.571+0000 INFO [o.n.k.i.DiagnosticsManager] Interface Hyper-V Virtual Switch Extension Adapter:
2020-10-11 03:13:44.571+0000 INFO [o.n.k.i.DiagnosticsManager] Interface Cisco AnyConnect Secure Mobility Client Virtual Miniport Adapter for Windows x64:
2020-10-11 03:13:44.571+0000 INFO [o.n.k.i.DiagnosticsManager]     address: 10.240.51.73
2020-10-11 03:13:44.571+0000 INFO [o.n.k.i.DiagnosticsManager] Interface Marvell AVASTAR Wireless-AC Network Controller:
2020-10-11 03:13:44.571+0000 INFO [o.n.k.i.DiagnosticsManager]     address: 192.168.1.3
2020-10-11 03:13:44.571+0000 INFO [o.n.k.i.DiagnosticsManager] Interface ASIX AX88772B USB2.0 to Fast Ethernet Adapter:
2020-10-11 03:13:44.571+0000 INFO [o.n.k.i.DiagnosticsManager] Interface Microsoft IP-HTTPS Platform Adapter:
2020-10-11 03:13:44.572+0000 INFO [o.n.k.i.DiagnosticsManager] Interface WAN Miniport (IKEv2):
2020-10-11 03:13:44.572+0000 INFO [o.n.k.i.DiagnosticsManager] Interface Microsoft Kernel Debug Network Adapter:
2020-10-11 03:13:44.572+0000 INFO [o.n.k.i.DiagnosticsManager] Interface WAN Miniport (PPTP):
2020-10-11 03:13:44.572+0000 INFO [o.n.k.i.DiagnosticsManager] Interface WAN Miniport (Network Monitor):
2020-10-11 03:13:44.572+0000 INFO [o.n.k.i.DiagnosticsManager] Interface WAN Miniport (SSTP):
2020-10-11 03:13:44.572+0000 INFO [o.n.k.i.DiagnosticsManager] Interface WAN Miniport (IPv6):
2020-10-11 03:13:44.572+0000 INFO [o.n.k.i.DiagnosticsManager] Interface Microsoft Teredo Tunneling Adapter:
2020-10-11 03:13:44.572+0000 INFO [o.n.k.i.DiagnosticsManager] Interface Hyper-V Virtual Switch Extension Adapter-Hyper-V Virtual Switch Extension Filter-0000:
2020-10-11 03:13:44.572+0000 INFO [o.n.k.i.DiagnosticsManager] Interface WAN Miniport (IP):
2020-10-11 03:13:44.572+0000 INFO [o.n.k.i.DiagnosticsManager] Interface WAN Miniport (PPPOE):
2020-10-11 03:13:44.572+0000 INFO [o.n.k.i.DiagnosticsManager] Interface ASIX AX88772B USB2.0 to Fast Ethernet Adapter #2:
2020-10-11 03:13:44.572+0000 INFO [o.n.k.i.DiagnosticsManager] Interface Bluetooth Device (Personal Area Network):
2020-10-11 03:13:44.572+0000 INFO [o.n.k.i.DiagnosticsManager]     address: fe80:0:0:0:5c06:af6c:74f7:c88d%eth9
2020-10-11 03:13:44.572+0000 INFO [o.n.k.i.DiagnosticsManager] Interface Microsoft Wi-Fi Direct Virtual Adapter:
2020-10-11 03:13:44.572+0000 INFO [o.n.k.i.DiagnosticsManager]     address: fe80:0:0:0:c978:532b:3e81:a1e2%wlan2
2020-10-11 03:13:44.572+0000 INFO [o.n.k.i.DiagnosticsManager] Interface WAN Miniport (L2TP):
2020-10-11 03:13:44.572+0000 INFO [o.n.k.i.DiagnosticsManager] Interface Hyper-V Virtual Ethernet Adapter:
2020-10-11 03:13:44.572+0000 INFO [o.n.k.i.DiagnosticsManager]     address: 172.24.208.1
2020-10-11 03:13:44.572+0000 INFO [o.n.k.i.DiagnosticsManager]     address: fe80:0:0:0:250b:2866:2526:b9b1%eth10
2020-10-11 03:13:44.572+0000 INFO [o.n.k.i.DiagnosticsManager] Interface Hyper-V Virtual Ethernet Adapter-WFP Native MAC Layer LightWeight Filter-0000:
2020-10-11 03:13:44.572+0000 INFO [o.n.k.i.DiagnosticsManager] Interface Hyper-V Virtual Ethernet Adapter-QoS Packet Scheduler-0000:
2020-10-11 03:13:44.573+0000 INFO [o.n.k.i.DiagnosticsManager] Interface Hyper-V Virtual Ethernet Adapter-WFP 802.3 MAC Layer LightWeight Filter-0000:
2020-10-11 03:13:44.573+0000 INFO [o.n.k.i.DiagnosticsManager] Interface Microsoft Wi-Fi Direct Virtual Adapter-WFP Native MAC Layer LightWeight Filter-0000:
2020-10-11 03:13:44.573+0000 INFO [o.n.k.i.DiagnosticsManager] Interface Microsoft Wi-Fi Direct Virtual Adapter-Native WiFi Filter Driver-0000:
2020-10-11 03:13:44.573+0000 INFO [o.n.k.i.DiagnosticsManager] Interface Microsoft Wi-Fi Direct Virtual Adapter-QoS Packet Scheduler-0000:
2020-10-11 03:13:44.573+0000 INFO [o.n.k.i.DiagnosticsManager] Interface Marvell AVASTAR Wireless-AC Network Controller-WFP Native MAC Layer LightWeight Filter-0000:
2020-10-11 03:13:44.573+0000 INFO [o.n.k.i.DiagnosticsManager] Interface Marvell AVASTAR Wireless-AC Network Controller-Virtual WiFi Filter Driver-0000:
2020-10-11 03:13:44.573+0000 INFO [o.n.k.i.DiagnosticsManager] Interface Marvell AVASTAR Wireless-AC Network Controller-Native WiFi Filter Driver-0000:
2020-10-11 03:13:44.573+0000 INFO [o.n.k.i.DiagnosticsManager] Interface Marvell AVASTAR Wireless-AC Network Controller-QoS Packet Scheduler-0000:
2020-10-11 03:13:44.573+0000 INFO [o.n.k.i.DiagnosticsManager] Interface Marvell AVASTAR Wireless-AC Network Controller-WFP 802.3 MAC Layer LightWeight Filter-0000:
2020-10-11 03:13:44.573+0000 INFO [o.n.k.i.DiagnosticsManager] Interface Microsoft Wi-Fi Direct Virtual Adapter-WFP 802.3 MAC Layer LightWeight Filter-0000:
2020-10-11 03:13:44.573+0000 INFO [o.n.k.i.DiagnosticsManager] Interface Microsoft Wi-Fi Direct Virtual Adapter #2-WFP Native MAC Layer LightWeight Filter-0000:
2020-10-11 03:13:44.573+0000 INFO [o.n.k.i.DiagnosticsManager] Interface WAN Miniport (IP)-WFP Native MAC Layer LightWeight Filter-0000:
2020-10-11 03:13:44.573+0000 INFO [o.n.k.i.DiagnosticsManager] Interface WAN Miniport (IP)-QoS Packet Scheduler-0000:
2020-10-11 03:13:44.573+0000 INFO [o.n.k.i.DiagnosticsManager] Interface WAN Miniport (IPv6)-WFP Native MAC Layer LightWeight Filter-0000:
2020-10-11 03:13:44.573+0000 INFO [o.n.k.i.DiagnosticsManager] Interface WAN Miniport (IPv6)-QoS Packet Scheduler-0000:
2020-10-11 03:13:44.574+0000 INFO [o.n.k.i.DiagnosticsManager] Interface Microsoft Wi-Fi Direct Virtual Adapter #2-Native WiFi Filter Driver-0000:
2020-10-11 03:13:44.574+0000 INFO [o.n.k.i.DiagnosticsManager] Interface Microsoft Wi-Fi Direct Virtual Adapter #2-QoS Packet Scheduler-0000:
2020-10-11 03:13:44.574+0000 INFO [o.n.k.i.DiagnosticsManager] Interface WAN Miniport (Network Monitor)-WFP Native MAC Layer LightWeight Filter-0000:
2020-10-11 03:13:44.574+0000 INFO [o.n.k.i.DiagnosticsManager] Interface WAN Miniport (Network Monitor)-QoS Packet Scheduler-0000:
2020-10-11 03:13:44.574+0000 INFO [o.n.k.i.DiagnosticsManager] Interface Microsoft Wi-Fi Direct Virtual Adapter #2-WFP 802.3 MAC Layer LightWeight Filter-0000:
2020-10-11 03:13:44.574+0000 INFO [o.n.k.i.DiagnosticsManager] Interface Cisco AnyConnect Secure Mobility Client Virtual Miniport Adapter for Windows x64-WFP Native MAC Layer LightWeight Filter-0000:
2020-10-11 03:13:44.574+0000 INFO [o.n.k.i.DiagnosticsManager] Interface Cisco AnyConnect Secure Mobility Client Virtual Miniport Adapter for Windows x64-QoS Packet Scheduler-0000:
2020-10-11 03:13:44.574+0000 INFO [o.n.k.i.DiagnosticsManager] Interface Cisco AnyConnect Secure Mobility Client Virtual Miniport Adapter for Windows x64-WFP 802.3 MAC Layer LightWeight Filter-0000:
2020-10-11 03:13:44.574+0000 INFO [o.n.k.i.DiagnosticsManager] --- INITIALIZED diagnostics END ---
2020-10-11 03:13:44.968+0000 INFO [o.n.k.i.s.f.RecordFormatSelector] Selected RecordFormat:StandardV3_4[v0.A.9] record format from store C:\Users\Jack\eclipse-workspace\pandemic\data\cars
2020-10-11 03:13:45.023+0000 INFO [o.n.k.i.s.f.RecordFormatSelector] Selected RecordFormat:StandardV3_4[v0.A.9] record format from store C:\Users\Jack\eclipse-workspace\pandemic\data\cars
2020-10-11 03:13:45.024+0000 INFO [o.n.k.i.s.f.RecordFormatSelector] Format not configured. Selected format from the store: RecordFormat:StandardV3_4[v0.A.9]
2020-10-11 03:13:45.636+0000 INFO [o.n.k.NeoStoreDataSource] No commits found after last check point (which is at LogPosition{logVersion=0, byteOffset=709})
2020-10-11 03:13:45.677+0000 INFO [o.n.k.i.DatabaseHealth] Database health set to OK
2020-10-11 03:13:46.243+0000 INFO [o.n.k.AvailabilityGuard] Fulfilling of requirement makes database available: Database available
2020-10-11 03:13:46.244+0000 INFO [o.n.k.i.f.GraphDatabaseFacadeFactory] Database is now ready
2020-10-11 03:13:46.245+0000 INFO [o.n.k.i.DiagnosticsManager] --- STARTED diagnostics for KernelDiagnostics:Versions START ---
2020-10-11 03:13:46.246+0000 INFO [o.n.k.i.DiagnosticsManager] Graph Database: community single StoreId{creationTime=1602377294724, randomId=-1710923656529143829, storeVersion=16094931155187206, upgradeTime=1602377294724, upgradeId=1}
2020-10-11 03:13:46.246+0000 INFO [o.n.k.i.DiagnosticsManager] Kernel version: 3.4.6,ff53003e8435935995de3a4aa337981c2609ca11
2020-10-11 03:13:46.246+0000 INFO [o.n.k.i.DiagnosticsManager] --- STARTED diagnostics for KernelDiagnostics:Versions END ---
2020-10-11 03:13:46.248+0000 INFO [o.n.k.i.DiagnosticsManager] --- STARTED diagnostics for NEO_STORE_VERSIONS START ---
2020-10-11 03:13:46.249+0000 INFO [o.n.k.i.DiagnosticsManager] Store versions:
2020-10-11 03:13:46.249+0000 INFO [o.n.k.i.DiagnosticsManager] Store versions:
2020-10-11 03:13:46.250+0000 INFO [o.n.k.i.DiagnosticsManager]   ArrayPropertyStore v0.A.9
2020-10-11 03:13:46.250+0000 INFO [o.n.k.i.DiagnosticsManager]   NodeStore v0.A.9
2020-10-11 03:13:46.250+0000 INFO [o.n.k.i.DiagnosticsManager]   StringPropertyStore v0.A.9
2020-10-11 03:13:46.250+0000 INFO [o.n.k.i.DiagnosticsManager]   PropertyIndexStore v0.A.9
2020-10-11 03:13:46.251+0000 INFO [o.n.k.i.DiagnosticsManager]   StringPropertyStore v0.A.9
2020-10-11 03:13:46.251+0000 INFO [o.n.k.i.DiagnosticsManager]   ArrayPropertyStore v0.A.9
2020-10-11 03:13:46.251+0000 INFO [o.n.k.i.DiagnosticsManager]   PropertyStore v0.A.9
2020-10-11 03:13:46.251+0000 INFO [o.n.k.i.DiagnosticsManager]   RelationshipStore v0.A.9
2020-10-11 03:13:46.252+0000 INFO [o.n.k.i.DiagnosticsManager]   StringPropertyStore v0.A.9
2020-10-11 03:13:46.252+0000 INFO [o.n.k.i.DiagnosticsManager]   RelationshipTypeStore v0.A.9
2020-10-11 03:13:46.252+0000 INFO [o.n.k.i.DiagnosticsManager]   StringPropertyStore v0.A.9
2020-10-11 03:13:46.252+0000 INFO [o.n.k.i.DiagnosticsManager]   LabelTokenStore v0.A.9
2020-10-11 03:13:46.252+0000 INFO [o.n.k.i.DiagnosticsManager]   SchemaStore v0.A.9
2020-10-11 03:13:46.253+0000 INFO [o.n.k.i.DiagnosticsManager]   RelationshipGroupStore v0.A.9
2020-10-11 03:13:46.253+0000 INFO [o.n.k.i.DiagnosticsManager]   NeoStore v0.A.9
2020-10-11 03:13:46.253+0000 INFO [o.n.k.i.DiagnosticsManager] --- STARTED diagnostics for NEO_STORE_VERSIONS END ---
2020-10-11 03:13:46.253+0000 INFO [o.n.k.i.DiagnosticsManager] --- STARTED diagnostics for NEO_STORE_ID_USAGE START ---
2020-10-11 03:13:46.254+0000 INFO [o.n.k.i.DiagnosticsManager] Id usage:
2020-10-11 03:13:46.254+0000 INFO [o.n.k.i.DiagnosticsManager] Id usage:
2020-10-11 03:13:46.254+0000 INFO [o.n.k.i.DiagnosticsManager]   ArrayPropertyStore: used=1 high=0
2020-10-11 03:13:46.255+0000 INFO [o.n.k.i.DiagnosticsManager]   NodeStore: used=2 high=19
2020-10-11 03:13:46.255+0000 INFO [o.n.k.i.DiagnosticsManager]   StringPropertyStore: used=2 high=1
2020-10-11 03:13:46.255+0000 INFO [o.n.k.i.DiagnosticsManager]   PropertyIndexStore: used=1 high=0
2020-10-11 03:13:46.255+0000 INFO [o.n.k.i.DiagnosticsManager]   StringPropertyStore: used=1 high=0
2020-10-11 03:13:46.256+0000 INFO [o.n.k.i.DiagnosticsManager]   ArrayPropertyStore: used=1 high=0
2020-10-11 03:13:46.256+0000 INFO [o.n.k.i.DiagnosticsManager]   PropertyStore: used=2 high=19
2020-10-11 03:13:46.256+0000 INFO [o.n.k.i.DiagnosticsManager]   RelationshipStore: used=1 high=19
2020-10-11 03:13:46.256+0000 INFO [o.n.k.i.DiagnosticsManager]   StringPropertyStore: used=2 high=1
2020-10-11 03:13:46.257+0000 INFO [o.n.k.i.DiagnosticsManager]   RelationshipTypeStore: used=1 high=0
2020-10-11 03:13:46.257+0000 INFO [o.n.k.i.DiagnosticsManager]   StringPropertyStore: used=1 high=0
2020-10-11 03:13:46.258+0000 INFO [o.n.k.i.DiagnosticsManager]   LabelTokenStore: used=0 high=-1
2020-10-11 03:13:46.258+0000 INFO [o.n.k.i.DiagnosticsManager]   SchemaStore: used=1 high=0
2020-10-11 03:13:46.259+0000 INFO [o.n.k.i.DiagnosticsManager]   RelationshipGroupStore: used=1 high=0
2020-10-11 03:13:46.259+0000 INFO [o.n.k.i.DiagnosticsManager]   NeoStore: used=15 high=14
2020-10-11 03:13:46.259+0000 INFO [o.n.k.i.DiagnosticsManager] --- STARTED diagnostics for NEO_STORE_ID_USAGE END ---
2020-10-11 03:13:46.260+0000 INFO [o.n.k.i.DiagnosticsManager] --- STARTED diagnostics for NEO_STORE_RECORDS START ---
2020-10-11 03:13:46.260+0000 INFO [o.n.k.i.DiagnosticsManager] Neostore records:
2020-10-11 03:13:46.261+0000 INFO [o.n.k.i.DiagnosticsManager] TIME (Creation time): 1602377294724
2020-10-11 03:13:46.261+0000 INFO [o.n.k.i.DiagnosticsManager] RANDOM_NUMBER (Random number for store id): -1710923656529143829
2020-10-11 03:13:46.261+0000 INFO [o.n.k.i.DiagnosticsManager] LOG_VERSION (Current log version): 0
2020-10-11 03:13:46.262+0000 INFO [o.n.k.i.DiagnosticsManager] LAST_TRANSACTION_ID (Last committed transaction): 4
2020-10-11 03:13:46.262+0000 INFO [o.n.k.i.DiagnosticsManager] STORE_VERSION (Store format version): 16094931155187206
2020-10-11 03:13:46.262+0000 INFO [o.n.k.i.DiagnosticsManager] FIRST_GRAPH_PROPERTY (First property record containing graph properties): -1
2020-10-11 03:13:46.262+0000 INFO [o.n.k.i.DiagnosticsManager] LAST_CONSTRAINT_TRANSACTION (Last committed transaction containing constraint changes): 0
2020-10-11 03:13:46.262+0000 INFO [o.n.k.i.DiagnosticsManager] UPGRADE_TRANSACTION_ID (Transaction id most recent upgrade was performed at): 1
2020-10-11 03:13:46.263+0000 INFO [o.n.k.i.DiagnosticsManager] UPGRADE_TIME (Time of last upgrade): 1602377294724
2020-10-11 03:13:46.263+0000 INFO [o.n.k.i.DiagnosticsManager] LAST_TRANSACTION_CHECKSUM (Checksum of last committed transaction): -160733553097
2020-10-11 03:13:46.263+0000 INFO [o.n.k.i.DiagnosticsManager] UPGRADE_TRANSACTION_CHECKSUM (Checksum of transaction id the most recent upgrade was performed at): 0
2020-10-11 03:13:46.263+0000 INFO [o.n.k.i.DiagnosticsManager] LAST_CLOSED_TRANSACTION_LOG_VERSION (Log version where the last transaction commit entry has been written into): 0
2020-10-11 03:13:46.264+0000 INFO [o.n.k.i.DiagnosticsManager] LAST_CLOSED_TRANSACTION_LOG_BYTE_OFFSET (Byte offset in the log file where the last transaction commit entry has been written into): 709
2020-10-11 03:13:46.264+0000 INFO [o.n.k.i.DiagnosticsManager] LAST_TRANSACTION_COMMIT_TIMESTAMP (Commit time timestamp for last committed transaction): 1602377298437
2020-10-11 03:13:46.264+0000 INFO [o.n.k.i.DiagnosticsManager] UPGRADE_TRANSACTION_COMMIT_TIMESTAMP (Commit timestamp of transaction the most recent upgrade was performed at): 0
2020-10-11 03:13:46.264+0000 INFO [o.n.k.i.DiagnosticsManager] --- STARTED diagnostics for NEO_STORE_RECORDS END ---
2020-10-11 03:13:46.266+0000 INFO [o.n.k.i.DiagnosticsManager] --- STARTED diagnostics for TRANSACTION_RANGE START ---
2020-10-11 03:13:46.266+0000 INFO [o.n.k.i.DiagnosticsManager] Transaction log:
2020-10-11 03:13:46.268+0000 INFO [o.n.k.i.DiagnosticsManager] Oldest transaction 2 found in log with version 0
2020-10-11 03:13:46.268+0000 INFO [o.n.k.i.DiagnosticsManager] --- STARTED diagnostics for TRANSACTION_RANGE END ---
2020-10-11 03:13:46.275+0000 INFO [o.n.k.i.DiagnosticsManager] --- STARTED diagnostics for KernelDiagnostics:StoreFiles START ---
2020-10-11 03:13:46.278+0000 INFO [o.n.k.i.DiagnosticsManager] Disk space on partition (Total / Free / Free %): 255034507264 / 67897294848 / 26
2020-10-11 03:13:46.279+0000 INFO [o.n.k.i.DiagnosticsManager] Storage files: (filename : modification date - size)
2020-10-11 03:13:46.281+0000 INFO [o.n.k.i.DiagnosticsManager]   index:
2020-10-11 03:13:46.282+0000 INFO [o.n.k.i.DiagnosticsManager]   - Total: 2020-10-10T20:48:15-0400 - 0.00 B
2020-10-11 03:13:46.282+0000 INFO [o.n.k.i.DiagnosticsManager]   logs:
2020-10-11 03:13:46.283+0000 INFO [o.n.k.i.DiagnosticsManager]     debug.log: 2020-10-10T23:13:46-0400 - 85.28 kB
2020-10-11 03:13:46.284+0000 INFO [o.n.k.i.DiagnosticsManager]   - Total: 2020-10-10T20:48:11-0400 - 85.28 kB
2020-10-11 03:13:46.285+0000 INFO [o.n.k.i.DiagnosticsManager]   neostore: 2020-10-10T20:48:18-0400 - 8.00 kB
2020-10-11 03:13:46.285+0000 INFO [o.n.k.i.DiagnosticsManager]   neostore.counts.db.a: 2020-10-10T20:48:16-0400 - 96.00 B
2020-10-11 03:13:46.286+0000 INFO [o.n.k.i.DiagnosticsManager]   neostore.counts.db.b: 2020-10-10T20:48:18-0400 - 192.00 B
2020-10-11 03:13:46.286+0000 INFO [o.n.k.i.DiagnosticsManager]   neostore.id: 2020-10-10T23:13:45-0400 - 9.00 B
2020-10-11 03:13:46.287+0000 INFO [o.n.k.i.DiagnosticsManager]   neostore.labelscanstore.db: 2020-10-10T23:13:45-0400 - 40.00 kB
2020-10-11 03:13:46.288+0000 INFO [o.n.k.i.DiagnosticsManager]   neostore.labeltokenstore.db: 2020-10-10T20:48:14-0400 - 0.00 B
2020-10-11 03:13:46.289+0000 INFO [o.n.k.i.DiagnosticsManager]   neostore.labeltokenstore.db.id: 2020-10-10T23:13:45-0400 - 9.00 B
2020-10-11 03:13:46.290+0000 INFO [o.n.k.i.DiagnosticsManager]   neostore.labeltokenstore.db.names: 2020-10-10T20:48:14-0400 - 8.00 kB
2020-10-11 03:13:46.291+0000 INFO [o.n.k.i.DiagnosticsManager]   neostore.labeltokenstore.db.names.id: 2020-10-10T23:13:45-0400 - 9.00 B
2020-10-11 03:13:46.292+0000 INFO [o.n.k.i.DiagnosticsManager]   neostore.nodestore.db: 2020-10-10T20:48:18-0400 - 8.00 kB
2020-10-11 03:13:46.293+0000 INFO [o.n.k.i.DiagnosticsManager]   neostore.nodestore.db.id: 2020-10-10T23:13:45-0400 - 153.00 B
2020-10-11 03:13:46.293+0000 INFO [o.n.k.i.DiagnosticsManager]   neostore.nodestore.db.labels: 2020-10-10T20:48:14-0400 - 8.00 kB
2020-10-11 03:13:46.294+0000 INFO [o.n.k.i.DiagnosticsManager]   neostore.nodestore.db.labels.id: 2020-10-10T23:13:45-0400 - 9.00 B
2020-10-11 03:13:46.294+0000 INFO [o.n.k.i.DiagnosticsManager]   neostore.propertystore.db: 2020-10-10T20:48:18-0400 - 7.97 kB
2020-10-11 03:13:46.295+0000 INFO [o.n.k.i.DiagnosticsManager]   neostore.propertystore.db.arrays: 2020-10-10T20:48:14-0400 - 8.00 kB
2020-10-11 03:13:46.296+0000 INFO [o.n.k.i.DiagnosticsManager]   neostore.propertystore.db.arrays.id: 2020-10-10T23:13:45-0400 - 9.00 B
2020-10-11 03:13:46.297+0000 INFO [o.n.k.i.DiagnosticsManager]   neostore.propertystore.db.id: 2020-10-10T23:13:45-0400 - 153.00 B
2020-10-11 03:13:46.298+0000 INFO [o.n.k.i.DiagnosticsManager]   neostore.propertystore.db.index: 2020-10-10T20:48:18-0400 - 8.00 kB
2020-10-11 03:13:46.298+0000 INFO [o.n.k.i.DiagnosticsManager]   neostore.propertystore.db.index.id: 2020-10-10T23:13:45-0400 - 9.00 B
2020-10-11 03:13:46.299+0000 INFO [o.n.k.i.DiagnosticsManager]   neostore.propertystore.db.index.keys: 2020-10-10T20:48:18-0400 - 8.00 kB
2020-10-11 03:13:46.300+0000 INFO [o.n.k.i.DiagnosticsManager]   neostore.propertystore.db.index.keys.id: 2020-10-10T23:13:45-0400 - 9.00 B
2020-10-11 03:13:46.300+0000 INFO [o.n.k.i.DiagnosticsManager]   neostore.propertystore.db.strings: 2020-10-10T20:48:14-0400 - 8.00 kB
2020-10-11 03:13:46.301+0000 INFO [o.n.k.i.DiagnosticsManager]   neostore.propertystore.db.strings.id: 2020-10-10T23:13:45-0400 - 9.00 B
2020-10-11 03:13:46.302+0000 INFO [o.n.k.i.DiagnosticsManager]   neostore.relationshipgroupstore.db: 2020-10-10T20:48:14-0400 - 8.00 kB
2020-10-11 03:13:46.303+0000 INFO [o.n.k.i.DiagnosticsManager]   neostore.relationshipgroupstore.db.id: 2020-10-10T23:13:45-0400 - 9.00 B
2020-10-11 03:13:46.304+0000 INFO [o.n.k.i.DiagnosticsManager]   neostore.relationshipstore.db: 2020-10-10T20:48:18-0400 - 7.97 kB
2020-10-11 03:13:46.306+0000 INFO [o.n.k.i.DiagnosticsManager]   neostore.relationshipstore.db.id: 2020-10-10T23:13:45-0400 - 161.00 B
2020-10-11 03:13:46.307+0000 INFO [o.n.k.i.DiagnosticsManager]   neostore.relationshiptypestore.db: 2020-10-10T20:48:18-0400 - 8.00 kB
2020-10-11 03:13:46.308+0000 INFO [o.n.k.i.DiagnosticsManager]   neostore.relationshiptypestore.db.id: 2020-10-10T23:13:45-0400 - 9.00 B
2020-10-11 03:13:46.309+0000 INFO [o.n.k.i.DiagnosticsManager]   neostore.relationshiptypestore.db.names: 2020-10-10T20:48:18-0400 - 8.00 kB
2020-10-11 03:13:46.309+0000 INFO [o.n.k.i.DiagnosticsManager]   neostore.relationshiptypestore.db.names.id: 2020-10-10T23:13:45-0400 - 9.00 B
2020-10-11 03:13:46.310+0000 INFO [o.n.k.i.DiagnosticsManager]   neostore.schemastore.db: 2020-10-10T20:48:14-0400 - 8.00 kB
2020-10-11 03:13:46.311+0000 INFO [o.n.k.i.DiagnosticsManager]   neostore.schemastore.db.id: 2020-10-10T23:13:45-0400 - 9.00 B
2020-10-11 03:13:46.312+0000 INFO [o.n.k.i.DiagnosticsManager]   neostore.transaction.db.0: 2020-10-10T20:48:18-0400 - 727.00 B
2020-10-11 03:13:46.313+0000 INFO [o.n.k.i.DiagnosticsManager]   store_lock: 2020-10-10T20:48:14-0400 - 0.00 B
2020-10-11 03:13:46.313+0000 INFO [o.n.k.i.DiagnosticsManager] Storage summary: 
2020-10-11 03:13:46.313+0000 INFO [o.n.k.i.DiagnosticsManager]   Total size of store: 238.76 kB
2020-10-11 03:13:46.314+0000 INFO [o.n.k.i.DiagnosticsManager]   Total size of mapped files: 151.93 kB
2020-10-11 03:13:46.314+0000 INFO [o.n.k.i.DiagnosticsManager] --- STARTED diagnostics for KernelDiagnostics:StoreFiles END ---
2020-10-11 03:13:46.475+0000 INFO [o.n.k.i.f.GraphDatabaseFacadeFactory] Shutdown started
2020-10-11 03:13:46.477+0000 INFO [o.n.k.i.f.GraphDatabaseFacadeFactory] Database is now unavailable
2020-10-11 03:13:46.486+0000 INFO [o.n.k.i.t.l.c.CheckPointerImpl] Checkpoint triggered by database shutdown @ txId: 5 checkpoint started...
2020-10-11 03:13:46.514+0000 INFO [o.n.k.i.s.c.CountsTracker] Rotated counts store at transaction 5 to [C:\Users\Jack\eclipse-workspace\pandemic\data\cars\neostore.counts.db.a], from [C:\Users\Jack\eclipse-workspace\pandemic\data\cars\neostore.counts.db.b].
2020-10-11 03:13:46.547+0000 INFO [o.n.k.i.t.l.c.CheckPointerImpl] Checkpoint triggered by database shutdown @ txId: 5 checkpoint completed in 59ms
2020-10-11 03:13:46.549+0000 INFO [o.n.k.i.t.l.p.LogPruningImpl] No log version pruned, last checkpoint was made in version 0
2020-10-11 03:13:46.709+0000 INFO [o.n.k.i.DiagnosticsManager] --- STOPPING diagnostics START ---
2020-10-11 03:13:46.709+0000 INFO [o.n.k.i.DiagnosticsManager] --- STOPPING diagnostics END ---
